2025-12-15 09:27:52,912 [INFO] Activator:176 - 


2025-12-15 09:27:52,928 [INFO] Activator:177 - !SESSION log4j initialized
2025-12-15 09:27:54,704 [INFO] LogOutputStream:77 - [STDOUT_REDIRECT] 
2025-12-15 09:27:55,998 [INFO] ApplicationProperties:184 - Using Application install path: C:\ST\STM32CubeIDE_1.19.0\STM32CubeIDE\plugins\com.st.stm32cube.common.mx_6.15.0.202507011659
2025-12-15 09:27:56,014 [INFO] DbMcusXml:78 - Set database path to: C:\ST\STM32CubeIDE_1.19.0\STM32CubeIDE\plugins\com.st.stm32cube.common.mx_6.15.0.202507011659\\db\/mcu/
2025-12-15 09:27:56,014 [INFO] ApiDb:274 - Set plugin database path to: C:\ST\STM32CubeIDE_1.19.0\STM32CubeIDE\plugins\com.st.stm32cube.common.mx_6.15.0.202507011659\\db\/plugins/boardmanager/
2025-12-15 09:27:56,014 [WARN] ApiDb:259 - Overriding images path with different value:  => C:\ST\STM32CubeIDE_1.19.0\STM32CubeIDE\plugins\com.st.stm32cube.common.mx_6.15.0.202507011659\\db\/plugins/mcufinder/images/
2025-12-15 09:27:56,019 [INFO] ApiDb:250 - Set database path to: C:\Users\LAPTOP K1\.stmcufinder\plugins\mcufinder//mcu/
2025-12-15 09:27:56,020 [INFO] DbMcusAds:125 - Set database path to: C:\Users\LAPTOP K1\.stmcufinder\plugins\mcufinder//mcu/
2025-12-15 09:27:56,021 [INFO] CrossReferenceDbSqlite:203 - Set database path to: C:\Users\LAPTOP K1\.stmcufinder\plugins\mcufinder//mcu/cs/
2025-12-15 09:27:56,098 [INFO] RulesReader:64 - Compatibility file has been processed (317 Rules)
2025-12-15 09:27:56,157 [INFO] DbMcusXml:78 - Set database path to: C:\ST\STM32CubeIDE_1.19.0\STM32CubeIDE\plugins\com.st.stm32cube.common.mx_6.15.0.202507011659\\db\/mcu/
2025-12-15 09:27:56,157 [INFO] ApiDb:274 - Set plugin database path to: C:\ST\STM32CubeIDE_1.19.0\STM32CubeIDE\plugins\com.st.stm32cube.common.mx_6.15.0.202507011659\\db\/plugins/boardmanager/
2025-12-15 09:27:56,157 [INFO] ApiDb:261 - Set plugin images path to: C:\ST\STM32CubeIDE_1.19.0\STM32CubeIDE\plugins\com.st.stm32cube.common.mx_6.15.0.202507011659\\db\/plugins/mcufinder/images/
2025-12-15 09:27:56,158 [WARN] DbFile:41 - Overriding database path with different value: C:\Users\LAPTOP K1\.stmcufinder\plugins\mcufinder/ => C:\Users\LAPTOP K1\.stmcufinder\plugins\mcufinder
2025-12-15 09:27:56,158 [INFO] ApiDb:250 - Set database path to: C:\Users\LAPTOP K1\.stmcufinder\plugins\mcufinder//mcu/
2025-12-15 09:27:56,158 [WARN] DbFile:41 - Overriding database path with different value: C:\Users\LAPTOP K1\.stmcufinder\plugins\mcufinder/ => C:\Users\LAPTOP K1\.stmcufinder\plugins\mcufinder
2025-12-15 09:27:56,158 [INFO] DbMcusAds:125 - Set database path to: C:\Users\LAPTOP K1\.stmcufinder\plugins\mcufinder//mcu/
2025-12-15 09:27:56,158 [WARN] DbFile:41 - Overriding database path with different value: C:\Users\LAPTOP K1\.stmcufinder\plugins\mcufinder/ => C:\Users\LAPTOP K1\.stmcufinder\plugins\mcufinder
2025-12-15 09:27:56,158 [WARN] DbFile:41 - Overriding database path with different value: C:\Users\LAPTOP K1\.stmcufinder\plugins\mcufinder/ => C:\Users\LAPTOP K1\.stmcufinder\plugins\mcufinder
2025-12-15 09:27:56,158 [INFO] CrossReferenceDbSqlite:203 - Set database path to: C:\Users\LAPTOP K1\.stmcufinder\plugins\mcufinder//mcu/cs/
2025-12-15 09:27:56,207 [INFO] MainPanel:274 - HeapMemory: 268435456
2025-12-15 09:27:56,268 [INFO] DbMcusXml:78 - Set database path to: C:\ST\STM32CubeIDE_1.19.0\STM32CubeIDE\plugins\com.st.stm32cube.common.mx_6.15.0.202507011659\\db\/mcu/
2025-12-15 09:27:56,268 [INFO] ApiDb:274 - Set plugin database path to: C:\ST\STM32CubeIDE_1.19.0\STM32CubeIDE\plugins\com.st.stm32cube.common.mx_6.15.0.202507011659\\db\/plugins/boardmanager/
2025-12-15 09:27:56,268 [INFO] ApiDb:261 - Set plugin images path to: C:\ST\STM32CubeIDE_1.19.0\STM32CubeIDE\plugins\com.st.stm32cube.common.mx_6.15.0.202507011659\\db\/plugins/mcufinder/images/
2025-12-15 09:27:56,269 [WARN] DbFile:41 - Overriding database path with different value: C:\Users\LAPTOP K1\.stmcufinder\plugins\mcufinder/ => C:\Users\LAPTOP K1\.stmcufinder\plugins\mcufinder
2025-12-15 09:27:56,269 [INFO] ApiDb:250 - Set database path to: C:\Users\LAPTOP K1\.stmcufinder\plugins\mcufinder//mcu/
2025-12-15 09:27:56,269 [WARN] DbFile:41 - Overriding database path with different value: C:\Users\LAPTOP K1\.stmcufinder\plugins\mcufinder/ => C:\Users\LAPTOP K1\.stmcufinder\plugins\mcufinder
2025-12-15 09:27:56,269 [INFO] DbMcusAds:125 - Set database path to: C:\Users\LAPTOP K1\.stmcufinder\plugins\mcufinder//mcu/
2025-12-15 09:27:56,269 [WARN] DbFile:41 - Overriding database path with different value: C:\Users\LAPTOP K1\.stmcufinder\plugins\mcufinder/ => C:\Users\LAPTOP K1\.stmcufinder\plugins\mcufinder
2025-12-15 09:27:56,269 [WARN] DbFile:41 - Overriding database path with different value: C:\Users\LAPTOP K1\.stmcufinder\plugins\mcufinder/ => C:\Users\LAPTOP K1\.stmcufinder\plugins\mcufinder
2025-12-15 09:27:56,269 [INFO] CrossReferenceDbSqlite:203 - Set database path to: C:\Users\LAPTOP K1\.stmcufinder\plugins\mcufinder//mcu/cs/
2025-12-15 09:27:56,282 [INFO] ApplicationProperties:184 - Using Application install path: C:\ST\STM32CubeIDE_1.19.0\STM32CubeIDE\plugins\com.st.stm32cube.common.mx_6.15.0.202507011659
2025-12-15 09:27:56,283 [INFO] PluginManage:196 - Search for loadable plugins [exclusion list=, ]
2025-12-15 09:27:56,284 [INFO] PluginManage:310 - Check plugin analytics
2025-12-15 09:27:56,495 [INFO] AnalyticsPlugin:253 - Accepted Software Licenses: 
2025-12-15 09:27:56,495 [INFO] AnalyticsPlugin:255 - Accepted CMSIS Pack Licenses: 
2025-12-15 09:27:56,495 [INFO] AnalyticsPlugin:257 - Accepted Firmware Licenses: FW.F4.1.28.0
2025-12-15 09:27:56,499 [INFO] PluginManage:359 - Loaded plugin analytics (category:tool,tabindex:-1)
2025-12-15 09:27:56,499 [INFO] PluginManage:310 - Check plugin cadmodel
2025-12-15 09:27:56,503 [INFO] CADModel:105 - Init CAD model plugin
2025-12-15 09:27:56,503 [INFO] PluginManage:359 - Loaded plugin cadmodel (category:power,tabindex:5)
2025-12-15 09:27:56,503 [INFO] PluginManage:310 - Check plugin clock
2025-12-15 09:27:56,510 [INFO] PluginManage:359 - Loaded plugin clock (category:base,tabindex:2)
2025-12-15 09:27:56,510 [INFO] PluginManage:310 - Check plugin ddr
2025-12-15 09:27:56,512 [INFO] PluginManage:359 - Loaded plugin ddr (category:tool,tabindex:6)
2025-12-15 09:27:56,512 [INFO] PluginManage:310 - Check plugin filemanager
2025-12-15 09:27:56,628 [INFO] PluginManage:359 - Loaded plugin filemanager (category:base,tabindex:10)
2025-12-15 09:27:56,628 [INFO] PluginManage:310 - Check plugin ipmanager
2025-12-15 09:27:56,632 [INFO] PluginManage:359 - Loaded plugin ipmanager (category:base,tabindex:5)
2025-12-15 09:27:56,632 [INFO] PluginManage:310 - Check plugin lpbam
2025-12-15 09:27:56,637 [INFO] PluginManage:359 - Loaded plugin lpbam (category:base,tabindex:0)
2025-12-15 09:27:56,638 [INFO] PluginManage:310 - Check plugin memorymap
2025-12-15 09:27:56,646 [INFO] PluginManage:359 - Loaded plugin memorymap (category:base,tabindex:4)
2025-12-15 09:27:56,646 [INFO] PluginManage:310 - Check plugin pinoutandconfiguration
2025-12-15 09:27:56,653 [INFO] PluginManage:359 - Loaded plugin pinoutandconfiguration (category:base,tabindex:1)
2025-12-15 09:27:56,653 [INFO] PluginManage:310 - Check plugin pinoutconfig
2025-12-15 09:27:56,749 [WARN] SupportedApi:132 - Cannot load RTOS API schema: s4s-elt-must-match.1: The content of 'definitions' must match (annotation?, (simpleType | complexType)?, (unique | key | keyref)*)). A problem was found starting at: attribute.
2025-12-15 09:27:56,867 [INFO] PluginManage:359 - Loaded plugin pinoutconfig (category:base,tabindex:0)
2025-12-15 09:27:56,867 [INFO] PluginManage:310 - Check plugin power
2025-12-15 09:27:56,872 [INFO] PluginManage:359 - Loaded plugin power (category:power,tabindex:4)
2025-12-15 09:27:56,872 [INFO] PluginManage:310 - Check plugin projectmanager
2025-12-15 09:27:56,886 [INFO] PluginManage:359 - Loaded plugin projectmanager (category:projectmanager,tabindex:4)
2025-12-15 09:27:56,887 [INFO] PluginManage:310 - Check plugin rif
2025-12-15 09:27:56,894 [INFO] PluginManage:359 - Loaded plugin rif (category:base,tabindex:3)
2025-12-15 09:27:56,894 [INFO] PluginManage:310 - Check plugin thirdparty
2025-12-15 09:27:57,007 [WARN] IntegrityCheckThread:84 - waiting for thirdparty lock release [integrity check]
2025-12-15 09:27:57,008 [INFO] IntegrityCheckThread:86 - entering critical section [integrity check]
2025-12-15 09:27:57,008 [INFO] ThirdPartyUpdaterWithRetryManager:70 - Updater plugin not ready yet. [1/15]
2025-12-15 09:27:57,008 [INFO] PluginManage:359 - Loaded plugin thirdparty (category:base,tabindex:-1)
2025-12-15 09:27:57,008 [INFO] PluginManage:310 - Check plugin tools
2025-12-15 09:27:57,013 [INFO] PluginManage:359 - Loaded plugin tools (category:base,tabindex:7)
2025-12-15 09:27:57,013 [INFO] PluginManage:310 - Check plugin tutovideos
2025-12-15 09:27:57,140 [INFO] PluginManage:359 - Loaded plugin tutovideos (category:base,tabindex:-1)
2025-12-15 09:27:57,140 [INFO] PluginManage:310 - Check plugin updater
2025-12-15 09:27:57,156 [INFO] PluginManage:359 - Loaded plugin updater (category:base,tabindex:12)
2025-12-15 09:27:57,156 [INFO] PluginManage:310 - Check plugin userauth
2025-12-15 09:27:57,159 [INFO] UserAuth:118 - Init User Auth plugin
2025-12-15 09:27:57,159 [INFO] PluginManage:359 - Loaded plugin userauth (category:base,tabindex:14)
2025-12-15 09:27:57,159 [INFO] PluginManage:283 - PluginManage : Loaded plugins [18]
2025-12-15 09:27:57,300 [INFO] PinOutPanel:1589 - setPackage(No Configuration,No Configuration)
2025-12-15 09:27:57,365 [INFO] CADModel:165 - CPN selected for project level
2025-12-15 09:27:57,365 [INFO] CADModel:114 - Register for checkConnection events
2025-12-15 09:27:57,379 [INFO] IPUIPlugin:80 - create IPUIPlugin
2025-12-15 09:27:57,379 [INFO] PluginManager:220 - loadIPPluginJar : add adc
2025-12-15 09:27:57,381 [INFO] IPUIPlugin:80 - create IPUIPlugin
2025-12-15 09:27:57,381 [INFO] PluginManager:220 - loadIPPluginJar : add aes
2025-12-15 09:27:57,382 [INFO] IPUIPlugin:80 - create IPUIPlugin
2025-12-15 09:27:57,382 [INFO] PluginManager:220 - loadIPPluginJar : add can
2025-12-15 09:27:57,383 [INFO] IPUIPlugin:80 - create IPUIPlugin
2025-12-15 09:27:57,383 [INFO] PluginManager:220 - loadIPPluginJar : add comp
2025-12-15 09:27:57,385 [INFO] IPUIPlugin:80 - create IPUIPlugin
2025-12-15 09:27:57,385 [INFO] PluginManager:220 - loadIPPluginJar : add cryp
2025-12-15 09:27:57,386 [INFO] IPUIPlugin:80 - create IPUIPlugin
2025-12-15 09:27:57,387 [INFO] PluginManager:220 - loadIPPluginJar : add ddr_ctrl_phy
2025-12-15 09:27:57,388 [INFO] IPUIPlugin:80 - create IPUIPlugin
2025-12-15 09:27:57,388 [INFO] PluginManager:220 - loadIPPluginJar : add dfsdm
2025-12-15 09:27:57,393 [INFO] IPUIPlugin:80 - create IPUIPlugin
2025-12-15 09:27:57,393 [INFO] PluginManager:220 - loadIPPluginJar : add dma
2025-12-15 09:27:57,394 [INFO] IPUIPlugin:80 - create IPUIPlugin
2025-12-15 09:27:57,394 [INFO] PluginManager:220 - loadIPPluginJar : add dma3
2025-12-15 09:27:57,396 [INFO] IPUIPlugin:80 - create IPUIPlugin
2025-12-15 09:27:57,396 [INFO] PluginManager:220 - loadIPPluginJar : add extmemmanager
2025-12-15 09:27:57,396 [INFO] IPUIPlugin:80 - create IPUIPlugin
2025-12-15 09:27:57,396 [INFO] PluginManager:220 - loadIPPluginJar : add fatfs
2025-12-15 09:27:57,401 [INFO] IPUIPlugin:80 - create IPUIPlugin
2025-12-15 09:27:57,401 [INFO] PluginManager:220 - loadIPPluginJar : add fmc
2025-12-15 09:27:57,406 [INFO] IPUIPlugin:80 - create IPUIPlugin
2025-12-15 09:27:57,406 [INFO] PluginManager:220 - loadIPPluginJar : add freertos
2025-12-15 09:27:57,408 [INFO] IPUIPlugin:80 - create IPUIPlugin
2025-12-15 09:27:57,408 [INFO] PluginManager:220 - loadIPPluginJar : add genericplugin
2025-12-15 09:27:57,410 [INFO] IPUIPlugin:80 - create IPUIPlugin
2025-12-15 09:27:57,410 [INFO] PluginManager:220 - loadIPPluginJar : add gfxmmu
2025-12-15 09:27:57,413 [INFO] IPUIPlugin:80 - create IPUIPlugin
2025-12-15 09:27:57,414 [INFO] PluginManager:220 - loadIPPluginJar : add gic
2025-12-15 09:27:57,416 [INFO] IPUIPlugin:80 - create IPUIPlugin
2025-12-15 09:27:57,416 [INFO] PluginManager:220 - loadIPPluginJar : add gpio
2025-12-15 09:27:57,418 [INFO] IPUIPlugin:80 - create IPUIPlugin
2025-12-15 09:27:57,418 [INFO] PluginManager:220 - loadIPPluginJar : add gtzc
2025-12-15 09:27:57,420 [INFO] IPUIPlugin:80 - create IPUIPlugin
2025-12-15 09:27:57,420 [INFO] PluginManager:220 - loadIPPluginJar : add hash
2025-12-15 09:27:57,423 [INFO] IPUIPlugin:80 - create IPUIPlugin
2025-12-15 09:27:57,423 [INFO] PluginManager:220 - loadIPPluginJar : add i2c
2025-12-15 09:27:57,425 [INFO] IPUIPlugin:80 - create IPUIPlugin
2025-12-15 09:27:57,425 [INFO] PluginManager:220 - loadIPPluginJar : add i2s
2025-12-15 09:27:57,427 [INFO] IPUIPlugin:80 - create IPUIPlugin
2025-12-15 09:27:57,427 [INFO] PluginManager:220 - loadIPPluginJar : add i3c
2025-12-15 09:27:57,429 [INFO] IPUIPlugin:80 - create IPUIPlugin
2025-12-15 09:27:57,429 [INFO] PluginManager:220 - loadIPPluginJar : add ipddr
2025-12-15 09:27:57,435 [INFO] IPUIPlugin:80 - create IPUIPlugin
2025-12-15 09:27:57,435 [INFO] PluginManager:220 - loadIPPluginJar : add linkedlist
2025-12-15 09:27:57,438 [INFO] IPUIPlugin:80 - create IPUIPlugin
2025-12-15 09:27:57,438 [INFO] PluginManager:220 - loadIPPluginJar : add lorawan
2025-12-15 09:27:57,439 [INFO] IPUIPlugin:80 - create IPUIPlugin
2025-12-15 09:27:57,439 [INFO] PluginManager:220 - loadIPPluginJar : add ltdc
2025-12-15 09:27:57,443 [INFO] IPUIPlugin:80 - create IPUIPlugin
2025-12-15 09:27:57,443 [INFO] PluginManager:220 - loadIPPluginJar : add mdma
2025-12-15 09:27:57,445 [INFO] IPUIPlugin:80 - create IPUIPlugin
2025-12-15 09:27:57,446 [INFO] PluginManager:220 - loadIPPluginJar : add nvic
2025-12-15 09:27:57,448 [INFO] IPUIPlugin:80 - create IPUIPlugin
2025-12-15 09:27:57,448 [INFO] PluginManager:220 - loadIPPluginJar : add opamp
2025-12-15 09:27:57,450 [INFO] IPUIPlugin:80 - create IPUIPlugin
2025-12-15 09:27:57,450 [INFO] PluginManager:220 - loadIPPluginJar : add openamp
2025-12-15 09:27:57,453 [INFO] IPUIPlugin:80 - create IPUIPlugin
2025-12-15 09:27:57,454 [INFO] PluginManager:220 - loadIPPluginJar : add pdm2pcm
2025-12-15 09:27:57,458 [INFO] IPUIPlugin:80 - create IPUIPlugin
2025-12-15 09:27:57,459 [INFO] PluginManager:220 - loadIPPluginJar : add plateformsettings
2025-12-15 09:27:57,460 [INFO] IPUIPlugin:80 - create IPUIPlugin
2025-12-15 09:27:57,460 [INFO] PluginManager:220 - loadIPPluginJar : add quadspi
2025-12-15 09:27:57,462 [INFO] IPUIPlugin:80 - create IPUIPlugin
2025-12-15 09:27:57,462 [INFO] PluginManager:220 - loadIPPluginJar : add radio
2025-12-15 09:27:57,464 [INFO] IPUIPlugin:80 - create IPUIPlugin
2025-12-15 09:27:57,464 [INFO] PluginManager:220 - loadIPPluginJar : add resmgrutility
2025-12-15 09:27:57,467 [INFO] IPUIPlugin:80 - create IPUIPlugin
2025-12-15 09:27:57,467 [INFO] PluginManager:220 - loadIPPluginJar : add sai
2025-12-15 09:27:57,469 [INFO] IPUIPlugin:80 - create IPUIPlugin
2025-12-15 09:27:57,469 [INFO] PluginManager:220 - loadIPPluginJar : add spi
2025-12-15 09:27:57,475 [INFO] IPUIPlugin:80 - create IPUIPlugin
2025-12-15 09:27:57,475 [INFO] PluginManager:220 - loadIPPluginJar : add stm32_wpan
2025-12-15 09:27:57,476 [INFO] IPUIPlugin:80 - create IPUIPlugin
2025-12-15 09:27:57,476 [INFO] PluginManager:220 - loadIPPluginJar : add tim
2025-12-15 09:27:57,478 [INFO] IPUIPlugin:80 - create IPUIPlugin
2025-12-15 09:27:57,478 [INFO] PluginManager:220 - loadIPPluginJar : add touchsensing
2025-12-15 09:27:57,479 [INFO] IPUIPlugin:80 - create IPUIPlugin
2025-12-15 09:27:57,479 [INFO] PluginManager:220 - loadIPPluginJar : add tracer_emb
2025-12-15 09:27:57,481 [INFO] IPUIPlugin:80 - create IPUIPlugin
2025-12-15 09:27:57,481 [INFO] PluginManager:220 - loadIPPluginJar : add ts
2025-12-15 09:27:57,482 [INFO] IPUIPlugin:80 - create IPUIPlugin
2025-12-15 09:27:57,482 [INFO] PluginManager:220 - loadIPPluginJar : add tsc
2025-12-15 09:27:57,483 [INFO] IPUIPlugin:80 - create IPUIPlugin
2025-12-15 09:27:57,483 [INFO] PluginManager:220 - loadIPPluginJar : add ucpd
2025-12-15 09:27:57,485 [INFO] IPUIPlugin:80 - create IPUIPlugin
2025-12-15 09:27:57,485 [INFO] PluginManager:220 - loadIPPluginJar : add usart
2025-12-15 09:27:57,487 [INFO] IPUIPlugin:80 - create IPUIPlugin
2025-12-15 09:27:57,487 [INFO] PluginManager:220 - loadIPPluginJar : add usbx
2025-12-15 09:27:57,596 [FATAL] Updater:351 - Updater called before beeing initialized
2025-12-15 09:27:57,616 [INFO] RulesReader:64 - Compatibility file has been processed (317 Rules)
2025-12-15 09:27:57,624 [INFO] RulesReader:64 - Compatibility file has been processed (317 Rules)
2025-12-15 09:27:57,636 [INFO] CADModel:165 - CPN selected for project level
2025-12-15 09:27:57,636 [INFO] CADModel:114 - Register for checkConnection events
2025-12-15 09:27:57,636 [FATAL] Updater:351 - Updater called before beeing initialized
2025-12-15 09:27:57,636 [ERROR] CADModel:125 - Updater not yet initialized, retry later 
2025-12-15 09:27:57,748 [FATAL] Updater:351 - Updater called before beeing initialized
2025-12-15 09:27:57,749 [INFO] CADModel:165 - CPN selected for project level
2025-12-15 09:27:57,749 [INFO] CADModel:114 - Register for checkConnection events
2025-12-15 09:27:57,749 [FATAL] Updater:351 - Updater called before beeing initialized
2025-12-15 09:27:57,749 [ERROR] CADModel:125 - Updater not yet initialized, retry later 
2025-12-15 09:27:57,752 [FATAL] Updater:351 - Updater called before beeing initialized
2025-12-15 09:27:57,842 [FATAL] Updater:351 - Updater called before beeing initialized
2025-12-15 09:27:57,849 [INFO] DbMcusAds:53 - JSON generation date=Fri Dec 05 16:13:14 ICT 2025 (1764925994673)
2025-12-15 09:27:57,850 [FATAL] Updater:351 - Updater called before beeing initialized
2025-12-15 09:27:57,878 [WARN] DetailPanel:346 - Failed to get advertising image, set to default
2025-12-15 09:27:57,937 [FATAL] Updater:351 - Updater called before beeing initialized
2025-12-15 09:27:57,938 [FATAL] Updater:351 - Updater called before beeing initialized
2025-12-15 09:27:57,938 [FATAL] Updater:351 - Updater called before beeing initialized
2025-12-15 09:27:57,938 [WARN] DetailPanel:346 - Failed to get advertising image, set to default
2025-12-15 09:27:57,938 [FATAL] Updater:351 - Updater called before beeing initialized
2025-12-15 09:27:57,972 [ERROR] Updater:1198 - MainUpdater not yet initialized. External WinMGr cannot be set.
2025-12-15 09:27:57,973 [INFO] Updater:1134 - Updater Version found : 6.15.0
2025-12-15 09:27:57,987 [INFO] ApplicationProperties:184 - Using Application install path: C:\ST\STM32CubeIDE_1.19.0\STM32CubeIDE\plugins\com.st.stm32cube.common.mx_6.15.0.202507011659
2025-12-15 09:27:59,560 [ERROR] LogOutputStream:75 - [STDERR_REDIRECT] Dec 15, 2025 9:27:59 AM java.util.prefs.WindowsPreferences <init>
2025-12-15 09:27:59,560 [ERROR] LogOutputStream:75 - [STDERR_REDIRECT] WARNING: Could not open/create prefs root node Software\JavaSoft\Prefs at root 0xffffffff80000002. Windows RegCreateKeyEx(...) returned error code 5.
2025-12-15 09:27:59,560 [ERROR] LogOutputStream:75 - [STDERR_REDIRECT] 
2025-12-15 09:27:59,876 [INFO] MainUpdater:2872 - connection check result : 10
2025-12-15 09:27:59,876 [INFO] MainUpdater:289 - Updater Check For Update Now.
2025-12-15 09:27:59,876 [INFO] MicroXplorer:498 - Change Database Version : DB.6.0.150
2025-12-15 09:27:59,876 [INFO] McuFinderGlobals:63 - Set McuFinder mode to 2 (CubeIDE integrated)
2025-12-15 09:27:59,876 [INFO] UserAuth:487 - Internet connection configuration mode: 1
2025-12-15 09:27:59,939 [INFO] JxBrowserEngine:152 - Initiate JxBrowser Engine with user profile folder
2025-12-15 09:28:00,019 [WARN] MainUpdater:1193 - Updater busy. Cannot search thirdparties
2025-12-15 09:28:00,019 [INFO] ThirdPartyUpdaterWithRetryManager:96 - Updater plugin is busy. [1/15]
2025-12-15 09:28:00,054 [INFO] CheckServerUpdateThread:120 - End of CheckServer Thread
2025-12-15 09:28:01,069 [ERROR] LogOutputStream:75 - [STDERR_REDIRECT] 
