2025-12-15 09:03:27,896 [INFO] Activator:176 - 


2025-12-15 09:03:27,896 [INFO] Activator:177 - !SESSION log4j initialized
2025-12-15 09:03:32,556 [INFO] LogOutputStream:77 - [STDOUT_REDIRECT] 
2025-12-15 09:03:33,428 [INFO] ApplicationProperties:184 - Using Application install path: C:\ST\STM32CubeIDE_1.19.0\STM32CubeIDE\plugins\com.st.stm32cube.common.mx_6.15.0.202507011659
2025-12-15 09:03:33,444 [INFO] DbMcusXml:78 - Set database path to: C:\ST\STM32CubeIDE_1.19.0\STM32CubeIDE\plugins\com.st.stm32cube.common.mx_6.15.0.202507011659\\db\/mcu/
2025-12-15 09:03:33,444 [INFO] ApiDb:274 - Set plugin database path to: C:\ST\STM32CubeIDE_1.19.0\STM32CubeIDE\plugins\com.st.stm32cube.common.mx_6.15.0.202507011659\\db\/plugins/boardmanager/
2025-12-15 09:03:33,444 [WARN] ApiDb:259 - Overriding images path with different value:  => C:\ST\STM32CubeIDE_1.19.0\STM32CubeIDE\plugins\com.st.stm32cube.common.mx_6.15.0.202507011659\\db\/plugins/mcufinder/images/
2025-12-15 09:03:33,452 [INFO] ApiDb:250 - Set database path to: C:\Users\LAPTOP K1\.stmcufinder\plugins\mcufinder//mcu/
2025-12-15 09:03:33,454 [INFO] DbMcusAds:125 - Set database path to: C:\Users\LAPTOP K1\.stmcufinder\plugins\mcufinder//mcu/
2025-12-15 09:03:33,456 [INFO] CrossReferenceDbSqlite:203 - Set database path to: C:\Users\LAPTOP K1\.stmcufinder\plugins\mcufinder//mcu/cs/
2025-12-15 09:03:33,545 [INFO] RulesReader:64 - Compatibility file has been processed (317 Rules)
2025-12-15 09:03:33,622 [INFO] DbMcusXml:78 - Set database path to: C:\ST\STM32CubeIDE_1.19.0\STM32CubeIDE\plugins\com.st.stm32cube.common.mx_6.15.0.202507011659\\db\/mcu/
2025-12-15 09:03:33,623 [INFO] ApiDb:274 - Set plugin database path to: C:\ST\STM32CubeIDE_1.19.0\STM32CubeIDE\plugins\com.st.stm32cube.common.mx_6.15.0.202507011659\\db\/plugins/boardmanager/
2025-12-15 09:03:33,623 [INFO] ApiDb:261 - Set plugin images path to: C:\ST\STM32CubeIDE_1.19.0\STM32CubeIDE\plugins\com.st.stm32cube.common.mx_6.15.0.202507011659\\db\/plugins/mcufinder/images/
2025-12-15 09:03:33,623 [WARN] DbFile:41 - Overriding database path with different value: C:\Users\LAPTOP K1\.stmcufinder\plugins\mcufinder/ => C:\Users\LAPTOP K1\.stmcufinder\plugins\mcufinder
2025-12-15 09:03:33,623 [INFO] ApiDb:250 - Set database path to: C:\Users\LAPTOP K1\.stmcufinder\plugins\mcufinder//mcu/
2025-12-15 09:03:33,623 [WARN] DbFile:41 - Overriding database path with different value: C:\Users\LAPTOP K1\.stmcufinder\plugins\mcufinder/ => C:\Users\LAPTOP K1\.stmcufinder\plugins\mcufinder
2025-12-15 09:03:33,623 [INFO] DbMcusAds:125 - Set database path to: C:\Users\LAPTOP K1\.stmcufinder\plugins\mcufinder//mcu/
2025-12-15 09:03:33,623 [WARN] DbFile:41 - Overriding database path with different value: C:\Users\LAPTOP K1\.stmcufinder\plugins\mcufinder/ => C:\Users\LAPTOP K1\.stmcufinder\plugins\mcufinder
2025-12-15 09:03:33,623 [WARN] DbFile:41 - Overriding database path with different value: C:\Users\LAPTOP K1\.stmcufinder\plugins\mcufinder/ => C:\Users\LAPTOP K1\.stmcufinder\plugins\mcufinder
2025-12-15 09:03:33,623 [INFO] CrossReferenceDbSqlite:203 - Set database path to: C:\Users\LAPTOP K1\.stmcufinder\plugins\mcufinder//mcu/cs/
2025-12-15 09:03:33,680 [INFO] MainPanel:274 - HeapMemory: 268435456
2025-12-15 09:03:33,768 [INFO] DbMcusXml:78 - Set database path to: C:\ST\STM32CubeIDE_1.19.0\STM32CubeIDE\plugins\com.st.stm32cube.common.mx_6.15.0.202507011659\\db\/mcu/
2025-12-15 09:03:33,768 [INFO] ApiDb:274 - Set plugin database path to: C:\ST\STM32CubeIDE_1.19.0\STM32CubeIDE\plugins\com.st.stm32cube.common.mx_6.15.0.202507011659\\db\/plugins/boardmanager/
2025-12-15 09:03:33,768 [INFO] ApiDb:261 - Set plugin images path to: C:\ST\STM32CubeIDE_1.19.0\STM32CubeIDE\plugins\com.st.stm32cube.common.mx_6.15.0.202507011659\\db\/plugins/mcufinder/images/
2025-12-15 09:03:33,768 [WARN] DbFile:41 - Overriding database path with different value: C:\Users\LAPTOP K1\.stmcufinder\plugins\mcufinder/ => C:\Users\LAPTOP K1\.stmcufinder\plugins\mcufinder
2025-12-15 09:03:33,768 [INFO] ApiDb:250 - Set database path to: C:\Users\LAPTOP K1\.stmcufinder\plugins\mcufinder//mcu/
2025-12-15 09:03:33,768 [WARN] DbFile:41 - Overriding database path with different value: C:\Users\LAPTOP K1\.stmcufinder\plugins\mcufinder/ => C:\Users\LAPTOP K1\.stmcufinder\plugins\mcufinder
2025-12-15 09:03:33,768 [INFO] DbMcusAds:125 - Set database path to: C:\Users\LAPTOP K1\.stmcufinder\plugins\mcufinder//mcu/
2025-12-15 09:03:33,768 [WARN] DbFile:41 - Overriding database path with different value: C:\Users\LAPTOP K1\.stmcufinder\plugins\mcufinder/ => C:\Users\LAPTOP K1\.stmcufinder\plugins\mcufinder
2025-12-15 09:03:33,769 [WARN] DbFile:41 - Overriding database path with different value: C:\Users\LAPTOP K1\.stmcufinder\plugins\mcufinder/ => C:\Users\LAPTOP K1\.stmcufinder\plugins\mcufinder
2025-12-15 09:03:33,769 [INFO] CrossReferenceDbSqlite:203 - Set database path to: C:\Users\LAPTOP K1\.stmcufinder\plugins\mcufinder//mcu/cs/
2025-12-15 09:03:33,786 [INFO] ApplicationProperties:184 - Using Application install path: C:\ST\STM32CubeIDE_1.19.0\STM32CubeIDE\plugins\com.st.stm32cube.common.mx_6.15.0.202507011659
2025-12-15 09:03:33,787 [INFO] PluginManage:196 - Search for loadable plugins [exclusion list=, ]
2025-12-15 09:03:33,788 [INFO] PluginManage:310 - Check plugin analytics
2025-12-15 09:03:33,960 [INFO] AnalyticsPlugin:253 - Accepted Software Licenses: 
2025-12-15 09:03:33,960 [INFO] AnalyticsPlugin:255 - Accepted CMSIS Pack Licenses: 
2025-12-15 09:03:33,960 [INFO] AnalyticsPlugin:257 - Accepted Firmware Licenses: FW.F4.1.28.0
2025-12-15 09:03:33,963 [INFO] PluginManage:359 - Loaded plugin analytics (category:tool,tabindex:-1)
2025-12-15 09:03:33,963 [INFO] PluginManage:310 - Check plugin cadmodel
2025-12-15 09:03:33,969 [INFO] CADModel:105 - Init CAD model plugin
2025-12-15 09:03:33,969 [INFO] PluginManage:359 - Loaded plugin cadmodel (category:power,tabindex:5)
2025-12-15 09:03:33,970 [INFO] PluginManage:310 - Check plugin clock
2025-12-15 09:03:33,977 [INFO] PluginManage:359 - Loaded plugin clock (category:base,tabindex:2)
2025-12-15 09:03:33,977 [INFO] PluginManage:310 - Check plugin ddr
2025-12-15 09:03:33,979 [INFO] PluginManage:359 - Loaded plugin ddr (category:tool,tabindex:6)
2025-12-15 09:03:33,980 [INFO] PluginManage:310 - Check plugin filemanager
2025-12-15 09:03:34,103 [INFO] PluginManage:359 - Loaded plugin filemanager (category:base,tabindex:10)
2025-12-15 09:03:34,103 [INFO] PluginManage:310 - Check plugin ipmanager
2025-12-15 09:03:34,115 [INFO] PluginManage:359 - Loaded plugin ipmanager (category:base,tabindex:5)
2025-12-15 09:03:34,115 [INFO] PluginManage:310 - Check plugin lpbam
2025-12-15 09:03:34,122 [INFO] PluginManage:359 - Loaded plugin lpbam (category:base,tabindex:0)
2025-12-15 09:03:34,122 [INFO] PluginManage:310 - Check plugin memorymap
2025-12-15 09:03:34,137 [INFO] PluginManage:359 - Loaded plugin memorymap (category:base,tabindex:4)
2025-12-15 09:03:34,138 [INFO] PluginManage:310 - Check plugin pinoutandconfiguration
2025-12-15 09:03:34,145 [INFO] PluginManage:359 - Loaded plugin pinoutandconfiguration (category:base,tabindex:1)
2025-12-15 09:03:34,145 [INFO] PluginManage:310 - Check plugin pinoutconfig
2025-12-15 09:03:34,212 [WARN] SupportedApi:132 - Cannot load RTOS API schema: s4s-elt-must-match.1: The content of 'definitions' must match (annotation?, (simpleType | complexType)?, (unique | key | keyref)*)). A problem was found starting at: attribute.
2025-12-15 09:03:34,310 [INFO] PluginManage:359 - Loaded plugin pinoutconfig (category:base,tabindex:0)
2025-12-15 09:03:34,310 [INFO] PluginManage:310 - Check plugin power
2025-12-15 09:03:34,318 [INFO] PluginManage:359 - Loaded plugin power (category:power,tabindex:4)
2025-12-15 09:03:34,319 [INFO] PluginManage:310 - Check plugin projectmanager
2025-12-15 09:03:34,332 [INFO] PluginManage:359 - Loaded plugin projectmanager (category:projectmanager,tabindex:4)
2025-12-15 09:03:34,332 [INFO] PluginManage:310 - Check plugin rif
2025-12-15 09:03:34,342 [INFO] PluginManage:359 - Loaded plugin rif (category:base,tabindex:3)
2025-12-15 09:03:34,342 [INFO] PluginManage:310 - Check plugin thirdparty
2025-12-15 09:03:34,473 [INFO] PluginManage:359 - Loaded plugin thirdparty (category:base,tabindex:-1)
2025-12-15 09:03:34,473 [WARN] IntegrityCheckThread:84 - waiting for thirdparty lock release [integrity check]
2025-12-15 09:03:34,473 [INFO] IntegrityCheckThread:86 - entering critical section [integrity check]
2025-12-15 09:03:34,474 [INFO] PluginManage:310 - Check plugin tools
2025-12-15 09:03:34,474 [INFO] ThirdPartyUpdaterWithRetryManager:70 - Updater plugin not ready yet. [1/15]
2025-12-15 09:03:34,477 [INFO] PluginManage:359 - Loaded plugin tools (category:base,tabindex:7)
2025-12-15 09:03:34,477 [INFO] PluginManage:310 - Check plugin tutovideos
2025-12-15 09:03:34,625 [INFO] PluginManage:359 - Loaded plugin tutovideos (category:base,tabindex:-1)
2025-12-15 09:03:34,626 [INFO] PluginManage:310 - Check plugin updater
2025-12-15 09:03:34,641 [INFO] PluginManage:359 - Loaded plugin updater (category:base,tabindex:12)
2025-12-15 09:03:34,641 [INFO] PluginManage:310 - Check plugin userauth
2025-12-15 09:03:34,644 [INFO] UserAuth:118 - Init User Auth plugin
2025-12-15 09:03:34,645 [INFO] PluginManage:359 - Loaded plugin userauth (category:base,tabindex:14)
2025-12-15 09:03:34,645 [INFO] PluginManage:283 - PluginManage : Loaded plugins [18]
2025-12-15 09:03:34,797 [INFO] PinOutPanel:1589 - setPackage(No Configuration,No Configuration)
2025-12-15 09:03:34,859 [INFO] CADModel:165 - CPN selected for project level
2025-12-15 09:03:34,859 [INFO] CADModel:114 - Register for checkConnection events
2025-12-15 09:03:34,875 [INFO] IPUIPlugin:80 - create IPUIPlugin
2025-12-15 09:03:34,875 [INFO] PluginManager:220 - loadIPPluginJar : add adc
2025-12-15 09:03:34,877 [INFO] IPUIPlugin:80 - create IPUIPlugin
2025-12-15 09:03:34,878 [INFO] PluginManager:220 - loadIPPluginJar : add aes
2025-12-15 09:03:34,880 [INFO] IPUIPlugin:80 - create IPUIPlugin
2025-12-15 09:03:34,881 [INFO] PluginManager:220 - loadIPPluginJar : add can
2025-12-15 09:03:34,882 [INFO] IPUIPlugin:80 - create IPUIPlugin
2025-12-15 09:03:34,882 [INFO] PluginManager:220 - loadIPPluginJar : add comp
2025-12-15 09:03:34,884 [INFO] IPUIPlugin:80 - create IPUIPlugin
2025-12-15 09:03:34,885 [INFO] PluginManager:220 - loadIPPluginJar : add cryp
2025-12-15 09:03:34,887 [INFO] IPUIPlugin:80 - create IPUIPlugin
2025-12-15 09:03:34,887 [INFO] PluginManager:220 - loadIPPluginJar : add ddr_ctrl_phy
2025-12-15 09:03:34,889 [INFO] IPUIPlugin:80 - create IPUIPlugin
2025-12-15 09:03:34,890 [INFO] PluginManager:220 - loadIPPluginJar : add dfsdm
2025-12-15 09:03:34,894 [INFO] IPUIPlugin:80 - create IPUIPlugin
2025-12-15 09:03:34,894 [INFO] PluginManager:220 - loadIPPluginJar : add dma
2025-12-15 09:03:34,896 [INFO] IPUIPlugin:80 - create IPUIPlugin
2025-12-15 09:03:34,896 [INFO] PluginManager:220 - loadIPPluginJar : add dma3
2025-12-15 09:03:34,899 [INFO] IPUIPlugin:80 - create IPUIPlugin
2025-12-15 09:03:34,899 [INFO] PluginManager:220 - loadIPPluginJar : add extmemmanager
2025-12-15 09:03:34,900 [INFO] IPUIPlugin:80 - create IPUIPlugin
2025-12-15 09:03:34,900 [INFO] PluginManager:220 - loadIPPluginJar : add fatfs
2025-12-15 09:03:34,903 [INFO] IPUIPlugin:80 - create IPUIPlugin
2025-12-15 09:03:34,903 [INFO] PluginManager:220 - loadIPPluginJar : add fmc
2025-12-15 09:03:34,909 [INFO] IPUIPlugin:80 - create IPUIPlugin
2025-12-15 09:03:34,909 [INFO] PluginManager:220 - loadIPPluginJar : add freertos
2025-12-15 09:03:34,910 [INFO] IPUIPlugin:80 - create IPUIPlugin
2025-12-15 09:03:34,910 [INFO] PluginManager:220 - loadIPPluginJar : add genericplugin
2025-12-15 09:03:34,912 [INFO] IPUIPlugin:80 - create IPUIPlugin
2025-12-15 09:03:34,912 [INFO] PluginManager:220 - loadIPPluginJar : add gfxmmu
2025-12-15 09:03:34,917 [INFO] IPUIPlugin:80 - create IPUIPlugin
2025-12-15 09:03:34,917 [INFO] PluginManager:220 - loadIPPluginJar : add gic
2025-12-15 09:03:34,920 [INFO] IPUIPlugin:80 - create IPUIPlugin
2025-12-15 09:03:34,920 [INFO] PluginManager:220 - loadIPPluginJar : add gpio
2025-12-15 09:03:34,922 [INFO] IPUIPlugin:80 - create IPUIPlugin
2025-12-15 09:03:34,922 [INFO] PluginManager:220 - loadIPPluginJar : add gtzc
2025-12-15 09:03:34,924 [INFO] IPUIPlugin:80 - create IPUIPlugin
2025-12-15 09:03:34,924 [INFO] PluginManager:220 - loadIPPluginJar : add hash
2025-12-15 09:03:34,927 [INFO] IPUIPlugin:80 - create IPUIPlugin
2025-12-15 09:03:34,927 [INFO] PluginManager:220 - loadIPPluginJar : add i2c
2025-12-15 09:03:34,929 [INFO] IPUIPlugin:80 - create IPUIPlugin
2025-12-15 09:03:34,930 [INFO] PluginManager:220 - loadIPPluginJar : add i2s
2025-12-15 09:03:34,931 [INFO] IPUIPlugin:80 - create IPUIPlugin
2025-12-15 09:03:34,932 [INFO] PluginManager:220 - loadIPPluginJar : add i3c
2025-12-15 09:03:34,934 [INFO] IPUIPlugin:80 - create IPUIPlugin
2025-12-15 09:03:34,934 [INFO] PluginManager:220 - loadIPPluginJar : add ipddr
2025-12-15 09:03:34,940 [INFO] IPUIPlugin:80 - create IPUIPlugin
2025-12-15 09:03:34,940 [INFO] PluginManager:220 - loadIPPluginJar : add linkedlist
2025-12-15 09:03:34,944 [INFO] IPUIPlugin:80 - create IPUIPlugin
2025-12-15 09:03:34,944 [INFO] PluginManager:220 - loadIPPluginJar : add lorawan
2025-12-15 09:03:34,946 [INFO] IPUIPlugin:80 - create IPUIPlugin
2025-12-15 09:03:34,946 [INFO] PluginManager:220 - loadIPPluginJar : add ltdc
2025-12-15 09:03:34,950 [INFO] IPUIPlugin:80 - create IPUIPlugin
2025-12-15 09:03:34,950 [INFO] PluginManager:220 - loadIPPluginJar : add mdma
2025-12-15 09:03:34,953 [INFO] IPUIPlugin:80 - create IPUIPlugin
2025-12-15 09:03:34,953 [INFO] PluginManager:220 - loadIPPluginJar : add nvic
2025-12-15 09:03:34,956 [INFO] IPUIPlugin:80 - create IPUIPlugin
2025-12-15 09:03:34,956 [INFO] PluginManager:220 - loadIPPluginJar : add opamp
2025-12-15 09:03:34,959 [INFO] IPUIPlugin:80 - create IPUIPlugin
2025-12-15 09:03:34,959 [INFO] PluginManager:220 - loadIPPluginJar : add openamp
2025-12-15 09:03:34,961 [INFO] IPUIPlugin:80 - create IPUIPlugin
2025-12-15 09:03:34,961 [INFO] PluginManager:220 - loadIPPluginJar : add pdm2pcm
2025-12-15 09:03:34,965 [INFO] IPUIPlugin:80 - create IPUIPlugin
2025-12-15 09:03:34,967 [INFO] PluginManager:220 - loadIPPluginJar : add plateformsettings
2025-12-15 09:03:34,969 [INFO] IPUIPlugin:80 - create IPUIPlugin
2025-12-15 09:03:34,969 [INFO] PluginManager:220 - loadIPPluginJar : add quadspi
2025-12-15 09:03:34,970 [INFO] IPUIPlugin:80 - create IPUIPlugin
2025-12-15 09:03:34,970 [INFO] PluginManager:220 - loadIPPluginJar : add radio
2025-12-15 09:03:34,974 [INFO] IPUIPlugin:80 - create IPUIPlugin
2025-12-15 09:03:34,974 [INFO] PluginManager:220 - loadIPPluginJar : add resmgrutility
2025-12-15 09:03:34,976 [INFO] IPUIPlugin:80 - create IPUIPlugin
2025-12-15 09:03:34,976 [INFO] PluginManager:220 - loadIPPluginJar : add sai
2025-12-15 09:03:34,978 [INFO] IPUIPlugin:80 - create IPUIPlugin
2025-12-15 09:03:34,978 [INFO] PluginManager:220 - loadIPPluginJar : add spi
2025-12-15 09:03:34,983 [INFO] IPUIPlugin:80 - create IPUIPlugin
2025-12-15 09:03:34,983 [INFO] PluginManager:220 - loadIPPluginJar : add stm32_wpan
2025-12-15 09:03:34,984 [INFO] IPUIPlugin:80 - create IPUIPlugin
2025-12-15 09:03:34,984 [INFO] PluginManager:220 - loadIPPluginJar : add tim
2025-12-15 09:03:34,987 [INFO] IPUIPlugin:80 - create IPUIPlugin
2025-12-15 09:03:34,988 [INFO] PluginManager:220 - loadIPPluginJar : add touchsensing
2025-12-15 09:03:34,989 [INFO] IPUIPlugin:80 - create IPUIPlugin
2025-12-15 09:03:34,989 [INFO] PluginManager:220 - loadIPPluginJar : add tracer_emb
2025-12-15 09:03:34,991 [INFO] IPUIPlugin:80 - create IPUIPlugin
2025-12-15 09:03:34,991 [INFO] PluginManager:220 - loadIPPluginJar : add ts
2025-12-15 09:03:34,993 [INFO] IPUIPlugin:80 - create IPUIPlugin
2025-12-15 09:03:34,993 [INFO] PluginManager:220 - loadIPPluginJar : add tsc
2025-12-15 09:03:34,995 [INFO] IPUIPlugin:80 - create IPUIPlugin
2025-12-15 09:03:34,995 [INFO] PluginManager:220 - loadIPPluginJar : add ucpd
2025-12-15 09:03:34,997 [INFO] IPUIPlugin:80 - create IPUIPlugin
2025-12-15 09:03:34,997 [INFO] PluginManager:220 - loadIPPluginJar : add usart
2025-12-15 09:03:34,999 [INFO] IPUIPlugin:80 - create IPUIPlugin
2025-12-15 09:03:34,999 [INFO] PluginManager:220 - loadIPPluginJar : add usbx
2025-12-15 09:03:35,110 [FATAL] Updater:351 - Updater called before beeing initialized
2025-12-15 09:03:35,135 [INFO] RulesReader:64 - Compatibility file has been processed (317 Rules)
2025-12-15 09:03:35,142 [INFO] RulesReader:64 - Compatibility file has been processed (317 Rules)
2025-12-15 09:03:35,153 [INFO] CADModel:165 - CPN selected for project level
2025-12-15 09:03:35,153 [INFO] CADModel:114 - Register for checkConnection events
2025-12-15 09:03:35,153 [FATAL] Updater:351 - Updater called before beeing initialized
2025-12-15 09:03:35,153 [ERROR] CADModel:125 - Updater not yet initialized, retry later 
2025-12-15 09:03:35,287 [FATAL] Updater:351 - Updater called before beeing initialized
2025-12-15 09:03:35,288 [INFO] CADModel:165 - CPN selected for project level
2025-12-15 09:03:35,288 [INFO] CADModel:114 - Register for checkConnection events
2025-12-15 09:03:35,288 [FATAL] Updater:351 - Updater called before beeing initialized
2025-12-15 09:03:35,288 [ERROR] CADModel:125 - Updater not yet initialized, retry later 
2025-12-15 09:03:35,305 [FATAL] Updater:351 - Updater called before beeing initialized
2025-12-15 09:03:35,383 [FATAL] Updater:351 - Updater called before beeing initialized
2025-12-15 09:03:35,386 [INFO] DbMcusAds:53 - JSON generation date=Fri Dec 05 16:13:14 ICT 2025 (1764925994673)
2025-12-15 09:03:35,386 [FATAL] Updater:351 - Updater called before beeing initialized
2025-12-15 09:03:35,412 [WARN] DetailPanel:346 - Failed to get advertising image, set to default
2025-12-15 09:03:35,465 [FATAL] Updater:351 - Updater called before beeing initialized
2025-12-15 09:03:35,467 [FATAL] Updater:351 - Updater called before beeing initialized
2025-12-15 09:03:35,467 [FATAL] Updater:351 - Updater called before beeing initialized
2025-12-15 09:03:35,467 [WARN] DetailPanel:346 - Failed to get advertising image, set to default
2025-12-15 09:03:35,468 [FATAL] Updater:351 - Updater called before beeing initialized
2025-12-15 09:03:35,502 [ERROR] Updater:1198 - MainUpdater not yet initialized. External WinMGr cannot be set.
2025-12-15 09:03:35,503 [INFO] Updater:1134 - Updater Version found : 6.15.0
2025-12-15 09:03:35,516 [INFO] ApplicationProperties:184 - Using Application install path: C:\ST\STM32CubeIDE_1.19.0\STM32CubeIDE\plugins\com.st.stm32cube.common.mx_6.15.0.202507011659
2025-12-15 09:03:37,107 [ERROR] LogOutputStream:75 - [STDERR_REDIRECT] Dec 15, 2025 9:03:37 AM java.util.prefs.WindowsPreferences <init>
2025-12-15 09:03:37,107 [ERROR] LogOutputStream:75 - [STDERR_REDIRECT] WARNING: Could not open/create prefs root node Software\JavaSoft\Prefs at root 0xffffffff80000002. Windows RegCreateKeyEx(...) returned error code 5.
2025-12-15 09:03:37,107 [ERROR] LogOutputStream:75 - [STDERR_REDIRECT] 
2025-12-15 09:03:37,393 [INFO] MainUpdater:2872 - connection check result : 10
2025-12-15 09:03:37,393 [INFO] MainUpdater:3604 - Updater definition file requires update
2025-12-15 09:03:37,409 [INFO] MainUpdater:289 - Updater Check For Update Now.
2025-12-15 09:03:37,409 [INFO] MicroXplorer:498 - Change Database Version : DB.6.0.150
2025-12-15 09:03:37,409 [INFO] McuFinderGlobals:63 - Set McuFinder mode to 2 (CubeIDE integrated)
2025-12-15 09:03:37,409 [INFO] UserAuth:487 - Internet connection configuration mode: 1
2025-12-15 09:03:37,409 [INFO] ServerAccessManage:452 - Complete download http(s) 200
2025-12-15 09:03:37,409 [INFO] ServerAccessManage:509 - Download File updaters.zip
2025-12-15 09:03:37,425 [INFO] JxBrowserEngine:152 - Initiate JxBrowser Engine with user profile folder
2025-12-15 09:03:37,490 [WARN] MainUpdater:1193 - Updater busy. Cannot search thirdparties
2025-12-15 09:03:37,490 [INFO] ThirdPartyUpdaterWithRetryManager:96 - Updater plugin is busy. [1/15]
2025-12-15 09:03:37,597 [INFO] FileExtend:248 - Unzip File : updaters.zip
2025-12-15 09:03:37,597 [INFO] FileExtend:263 - Standard Zip Deflate
2025-12-15 09:03:38,089 [INFO] ServerAccessManage:452 - Complete download http(s) 200
2025-12-15 09:03:38,089 [INFO] ServerAccessManage:509 - Download File PacksControlFlags.xml
2025-12-15 09:03:38,132 [INFO] ServerAccessManage:452 - Complete download http(s) 200
2025-12-15 09:03:38,132 [INFO] ServerAccessManage:509 - Download File cubemx.pidx
2025-12-15 09:03:38,215 [INFO] LoadServerUpdatesThread:375 - End of LoadServerUpdate Thread
2025-12-15 09:03:38,375 [INFO] CheckServerUpdateThread:120 - End of CheckServer Thread
2025-12-15 09:03:38,454 [INFO] WebApp:169 - Instantiating new browser for Auth
2025-12-15 09:03:39,009 [INFO] WebApp:463 - Apply proxy settings
2025-12-15 09:03:39,009 [INFO] WebApp:548 - Chromium requires no authentication
2025-12-15 09:03:39,017 [INFO] WebApp:491 - Direct internet connection detected
2025-12-15 09:03:39,035 [INFO] WebApp:900 - Register for checkConnection events
2025-12-15 09:03:39,035 [INFO] WebApp:463 - Apply proxy settings
2025-12-15 09:03:39,035 [INFO] WebApp:548 - Chromium requires no authentication
2025-12-15 09:03:39,035 [INFO] WebApp:491 - Direct internet connection detected
2025-12-15 09:03:39,177 [INFO] WebApp:225 - Starting web application
2025-12-15 09:03:39,177 [INFO] WebApp:593 - Web application path used C:\ST\STM32CubeIDE_1.19.0\STM32CubeIDE\plugins\com.st.stm32cube.common.mx_6.15.0.202507011659\db\plugins\mcufinder\reactClient1\index.html
2025-12-15 09:03:39,193 [INFO] WebApp:191 - Connection restablished
2025-12-15 09:03:39,294 [INFO] UserAuth:487 - Internet connection configuration mode: 1
2025-12-15 09:03:40,687 [WARN] PackLoader:240 - Cannot read IP mode file for STMicroelectronics.FP-SNS-MOTENVWB1.1.4.0
2025-12-15 09:03:40,693 [WARN] PackLoader:240 - Cannot read IP mode file for STMicroelectronics.FP-ATR-ASTRA1.2.0.2
2025-12-15 09:03:40,698 [WARN] PackLoader:240 - Cannot read IP mode file for STMicroelectronics.X-CUBE-SMBUS.2.1.0
2025-12-15 09:03:40,702 [WARN] PackLoader:240 - Cannot read IP mode file for STMicroelectronics.X-CUBE-ST60.1.0.0
2025-12-15 09:03:40,719 [WARN] PackLoader:240 - Cannot read IP mode file for STMicroelectronics.X-CUBE-AZRTOS-F7.1.1.0
2025-12-15 09:03:40,725 [WARN] PackLoader:240 - Cannot read IP mode file for Cesanta.I-CUBE-Mongoose.7.19.0
2025-12-15 09:03:40,729 [WARN] PackLoader:240 - Cannot read IP mode file for STMicroelectronics.FP-SNS-MOTENV1.5.1.0
2025-12-15 09:03:40,738 [WARN] PackLoader:240 - Cannot read IP mode file for WES.I-CUBE-Cesium.1.4.0
2025-12-15 09:03:40,754 [WARN] PackLoader:240 - Cannot read IP mode file for Infineon.AIROC-Wi-Fi-Bluetooth-STM32.1.7.1
2025-12-15 09:03:40,772 [WARN] PackLoader:240 - Cannot read IP mode file for STMicroelectronics.X-CUBE-AZRTOS-H7.3.4.0
2025-12-15 09:03:40,781 [WARN] PackLoader:240 - Cannot read IP mode file for STMicroelectronics.X-CUBE-DISPLAY.3.0.0
2025-12-15 09:03:40,794 [WARN] PackLoader:240 - Cannot read IP mode file for STMicroelectronics.X-CUBE-NFC10.1.0.0
2025-12-15 09:03:40,799 [WARN] PackLoader:240 - Cannot read IP mode file for STMicroelectronics.X-CUBE-ST60.1.1.0
2025-12-15 09:03:40,806 [WARN] PackLoader:240 - Cannot read IP mode file for emotas.I-CUBE-CANOPEN.1.3.0
2025-12-15 09:03:40,811 [WARN] PackLoader:240 - Cannot read IP mode file for STMicroelectronics.X-CUBE-GNSS1.7.1.0
2025-12-15 09:03:40,817 [WARN] PackLoader:240 - Cannot read IP mode file for STMicroelectronics.FP-SNS-STBOX1.2.1.0
2025-12-15 09:03:40,822 [WARN] PackLoader:240 - Cannot read IP mode file for STMicroelectronics.FP-SNS-SMARTAG2.1.2.0
2025-12-15 09:03:40,826 [WARN] PackLoader:240 - Cannot read IP mode file for STMicroelectronics.FP-SNS-FLIGHT1.5.1.0
2025-12-15 09:03:40,833 [INFO] LogOutputStream:77 - [STDOUT_REDIRECT] 1 : Invalid condition id : UX_CORESTACK_Condition cause : null
2025-12-15 09:03:40,835 [INFO] LogOutputStream:77 - [STDOUT_REDIRECT] 1 : Invalid condition id : UX_CORESTACK_Condition cause : null
2025-12-15 09:03:40,837 [INFO] LogOutputStream:77 - [STDOUT_REDIRECT] 1 : Invalid condition id : UX_CORESTACK_Condition cause : null
2025-12-15 09:03:40,838 [INFO] LogOutputStream:77 - [STDOUT_REDIRECT] 1 : Invalid condition id : UX_CORESTACK_Condition cause : null
2025-12-15 09:03:40,841 [INFO] LogOutputStream:77 - [STDOUT_REDIRECT] 1 : Invalid condition id : UX_CORESTACK_Condition cause : null
2025-12-15 09:03:40,842 [WARN] PackLoader:240 - Cannot read IP mode file for STMicroelectronics.X-CUBE-AZRTOS-WL.2.0.0
2025-12-15 09:03:40,847 [WARN] PackLoader:240 - Cannot read IP mode file for STMicroelectronics.FP-SNS-MOTENV1.5.0.0
2025-12-15 09:03:40,860 [WARN] PackLoader:240 - Cannot read IP mode file for STMicroelectronics.X-CUBE-AZRTOS-H7RS.1.2.0
2025-12-15 09:03:40,867 [WARN] PackLoader:240 - Cannot read IP mode file for STMicroelectronics.X-CUBE-BLE2.3.3.0
2025-12-15 09:03:40,896 [WARN] PackLoader:240 - Cannot read IP mode file for STMicroelectronics.X-CUBE-NFC9.1.0.0
2025-12-15 09:03:40,902 [WARN] PackLoader:240 - Cannot read IP mode file for wolfSSL.I-CUBE-wolfSSL.5.8.2
2025-12-15 09:03:40,907 [WARN] PackLoader:240 - Cannot read IP mode file for STMicroelectronics.X-CUBE-BLE1.7.1.0
2025-12-15 09:03:40,911 [WARN] PackLoader:240 - Cannot read IP mode file for wolfSSL.I-CUBE-wolfMQTT.1.19.2
2025-12-15 09:03:40,916 [WARN] PackLoader:240 - Cannot read IP mode file for STMicroelectronics.X-CUBE-FREERTOS.1.4.0
2025-12-15 09:03:40,922 [WARN] PackLoader:240 - Cannot read IP mode file for STMicroelectronics.X-CUBE-EEPRMA1.5.2.0
2025-12-15 09:03:40,928 [WARN] PackLoader:240 - Cannot read IP mode file for STMicroelectronics.X-CUBE-ST67W61.1.1.0
2025-12-15 09:03:40,954 [WARN] PackLoader:240 - Cannot read IP mode file for STMicroelectronics.X-CUBE-MEMS1.12.0.0
2025-12-15 09:03:41,022 [WARN] PackLoader:240 - Cannot read IP mode file for STMicroelectronics.X-CUBE-AZRTOS-G0.1.1.0
2025-12-15 09:03:41,028 [WARN] PackLoader:240 - Cannot read IP mode file for STMicroelectronics.X-CUBE-SAFEA1.1.2.2
2025-12-15 09:03:41,034 [WARN] PackLoader:240 - Cannot read IP mode file for STMicroelectronics.X-CUBE-NFC4.3.0.0
2025-12-15 09:03:41,044 [WARN] PackLoader:240 - Cannot read IP mode file for EmbeddedOffice.I-CUBE-FS-RTOS.1.0.1
2025-12-15 09:03:41,049 [WARN] PackLoader:240 - Cannot read IP mode file for STMicroelectronics.X-CUBE-WB05N.2.0.0
2025-12-15 09:03:41,055 [WARN] PackLoader:240 - Cannot read IP mode file for wolfSSL.I-CUBE-wolfTPM.3.8.0
2025-12-15 09:03:41,059 [WARN] PackLoader:240 - Cannot read IP mode file for STMicroelectronics.X-CUBE-TCPP.4.2.0
2025-12-15 09:03:41,064 [WARN] PackLoader:240 - Cannot read IP mode file for RealThread.X-CUBE-RT-Thread_Nano.4.1.1
2025-12-15 09:03:41,068 [WARN] PackLoader:240 - Cannot read IP mode file for STMicroelectronics.FP-ATR-SIGFOX1.3.2.0
2025-12-15 09:03:41,074 [WARN] PackLoader:240 - Cannot read IP mode file for ITTIA_DB.I-CUBE-ITTIADB.8.9.0
2025-12-15 09:03:41,082 [WARN] PackLoader:240 - Cannot read IP mode file for STMicroelectronics.X-CUBE-ST67W61.1.0.0
2025-12-15 09:03:41,087 [WARN] PackLoader:240 - Cannot read IP mode file for STMicroelectronics.X-CUBE-AI.10.2.0
2025-12-15 09:03:41,111 [WARN] PackLoader:240 - Cannot read IP mode file for SEGGER.I-CUBE-embOS.1.3.1
2025-12-15 09:03:41,131 [WARN] PackLoader:240 - Cannot read IP mode file for STMicroelectronics.X-CUBE-ALGOBUILD.1.4.0
2025-12-15 09:03:41,151 [WARN] PackLoader:240 - Cannot read IP mode file for STMicroelectronics.X-CUBE-MEMS1.11.3.0
2025-12-15 09:03:41,214 [WARN] PackLoader:240 - Cannot read IP mode file for STMicroelectronics.X-CUBE-PM33A1.1.0.0
2025-12-15 09:03:41,223 [WARN] PackLoader:240 - Cannot read IP mode file for STMicroelectronics.X-CUBE-AZRTOS-F4.1.1.0
2025-12-15 09:03:41,227 [WARN] PackLoader:240 - Cannot read IP mode file for Avnet-IotConnect.X-CUBE-IoTC-DA16k-PMOD.1.0.0
2025-12-15 09:03:41,230 [WARN] PackLoader:240 - Cannot read IP mode file for STMicroelectronics.X-CUBE-ISPU.2.1.0
2025-12-15 09:03:41,238 [WARN] PackLoader:240 - Cannot read IP mode file for STMicroelectronics.X-CUBE-IPS.3.2.0
2025-12-15 09:03:41,246 [WARN] PackLoader:240 - Cannot read IP mode file for STMicroelectronics.X-CUBE-NFC12.1.0.0
2025-12-15 09:03:41,256 [WARN] PackLoader:240 - Cannot read IP mode file for STMicroelectronics.X-CUBE-AZRTOS-L5.2.0.0
2025-12-15 09:03:41,262 [WARN] PackLoader:240 - Cannot read IP mode file for STMicroelectronics.X-CUBE-NFC6.3.1.0
2025-12-15 09:03:41,267 [WARN] PackLoader:240 - Cannot read IP mode file for STMicroelectronics.X-CUBE-FREERTOS.1.3.1
2025-12-15 09:03:41,274 [WARN] PackLoader:240 - Cannot read IP mode file for STMicroelectronics.X-CUBE-TOUCHGFX.4.26.0
2025-12-15 09:03:41,277 [WARN] PackLoader:240 - Cannot read IP mode file for STMicroelectronics.FP-SNS-STAIOTCFT.1.0.0
2025-12-15 09:03:41,281 [WARN] PackLoader:240 - Cannot read IP mode file for STMicroelectronics.X-CUBE-DPower.1.3.0
2025-12-15 09:03:41,291 [WARN] ConditionMgr:438 - getConditionDescription Invalid condition id : LAN8742 Phy interface Condition cause : null
2025-12-15 09:03:41,292 [WARN] PackLoader:240 - Cannot read IP mode file for STMicroelectronics.X-CUBE-AZRTOS-L4.2.0.0
2025-12-15 09:03:41,292 [WARN] ConditionMgr:1044 - genDependencies : Invalid condition id : LAN8742 Phy interface Condition cause : null
2025-12-15 09:03:41,292 [WARN] ConditionMgr:1044 - genDependencies : Invalid condition id : LAN8742 Phy interface Condition cause : null
2025-12-15 09:03:41,293 [WARN] ConditionMgr:1044 - genDependencies : Invalid condition id : LAN8742 Phy interface Condition cause : null
2025-12-15 09:03:41,297 [WARN] PackLoader:240 - Cannot read IP mode file for STMicroelectronics.X-CUBE-SFXS2LP1.4.0.0
2025-12-15 09:03:41,304 [WARN] PackLoader:240 - Cannot read IP mode file for STMicroelectronics.X-CUBE-BLEMGR.4.1.0
2025-12-15 09:03:41,311 [WARN] ConditionMgr:438 - getConditionDescription Invalid condition id : UX DEVICE CLASS RTOS Condition cause : null
2025-12-15 09:03:41,312 [WARN] ConditionMgr:438 - getConditionDescription Invalid condition id : UX DEVICE CLASS RTOS Condition cause : null
2025-12-15 09:03:41,313 [WARN] PackLoader:240 - Cannot read IP mode file for STMicroelectronics.X-CUBE-AZRTOS-WB.2.0.0
2025-12-15 09:03:41,313 [WARN] ConditionMgr:1044 - genDependencies : Invalid condition id : UX DEVICE CLASS RTOS Condition cause : null
2025-12-15 09:03:41,313 [WARN] ConditionMgr:1044 - genDependencies : Invalid condition id : UX DEVICE CLASS RTOS Condition cause : null
2025-12-15 09:03:41,313 [WARN] ConditionMgr:1044 - genDependencies : Invalid condition id : UX DEVICE CLASS RTOS Condition cause : null
2025-12-15 09:03:41,313 [WARN] ConditionMgr:1044 - genDependencies : Invalid condition id : UX DEVICE CLASS RTOS Condition cause : null
2025-12-15 09:03:41,313 [WARN] ConditionMgr:1044 - genDependencies : Invalid condition id : UX DEVICE CLASS RTOS Condition cause : null
2025-12-15 09:03:41,317 [WARN] PackLoader:240 - Cannot read IP mode file for STMicroelectronics.X-CUBE-GNSS1.7.0.1
2025-12-15 09:03:41,320 [WARN] PackLoader:240 - Cannot read IP mode file for STMicroelectronics.X-CUBE-TOUCHGFX.4.25.0
2025-12-15 09:03:41,323 [WARN] ConditionMgr:438 - getConditionDescription Invalid condition id : Cortex-A Device cause : null
2025-12-15 09:03:41,329 [WARN] ConditionMgr:1044 - genDependencies : Invalid condition id : Cortex-A Device cause : null
2025-12-15 09:03:41,329 [WARN] ConditionMgr:1044 - genDependencies : Invalid condition id : Cortex-A Device cause : null
2025-12-15 09:03:41,329 [WARN] ConditionMgr:1044 - genDependencies : Invalid condition id : Cortex-A Device cause : null
2025-12-15 09:03:41,336 [WARN] PackLoader:240 - Cannot read IP mode file for STMicroelectronics.X-CUBE-SUBG2.5.0.0
2025-12-15 09:03:41,346 [WARN] PackLoader:240 - Cannot read IP mode file for STMicroelectronics.X-CUBE-AZRTOS-H7RS.1.1.0
2025-12-15 09:03:41,355 [WARN] PackLoader:240 - Cannot read IP mode file for STMicroelectronics.X-CUBE-AZRTOS-G4.2.0.0
2025-12-15 09:03:41,359 [WARN] PackLoader:240 - Cannot read IP mode file for wolfSSL.I-CUBE-wolfSSH.1.4.20
2025-12-15 09:03:41,364 [WARN] PackLoader:240 - Cannot read IP mode file for STMicroelectronics.X-CUBE-NFC7.2.0.0
2025-12-15 09:03:41,371 [WARN] PackLoader:240 - Cannot read IP mode file for STMicroelectronics.X-CUBE-IPS.3.1.0
2025-12-15 09:03:41,377 [WARN] PackLoader:240 - Cannot read IP mode file for STMicroelectronics.X-CUBE-ALS.1.0.2
2025-12-15 09:03:41,381 [WARN] PackLoader:240 - Cannot read IP mode file for STMicroelectronics.X-CUBE-STSE01.1.0.0
2025-12-15 09:03:41,389 [WARN] PackLoader:240 - Cannot read IP mode file for STMicroelectronics.X-CUBE-TOF1.3.4.3
2025-12-15 09:03:41,393 [INFO] ThirdParty:978 - Integrity check success = true
2025-12-15 09:03:41,394 [INFO] IntegrityCheckThread:100 - exiting critical section [integrity check]
2025-12-15 09:03:41,394 [INFO] IntegrityCheckThread:103 - End integrity checks thread
2025-12-15 09:04:55,227 [ERROR] LogOutputStream:75 - [STDERR_REDIRECT] 
2025-12-15 09:10:57,223 [INFO] Activator:176 - 


2025-12-15 09:10:57,224 [INFO] Activator:177 - !SESSION log4j initialized
2025-12-15 09:11:01,209 [INFO] LogOutputStream:77 - [STDOUT_REDIRECT] 
2025-12-15 09:11:01,983 [INFO] ApplicationProperties:184 - Using Application install path: C:\ST\STM32CubeIDE_1.19.0\STM32CubeIDE\plugins\com.st.stm32cube.common.mx_6.15.0.202507011659
2025-12-15 09:11:01,995 [INFO] DbMcusXml:78 - Set database path to: C:\ST\STM32CubeIDE_1.19.0\STM32CubeIDE\plugins\com.st.stm32cube.common.mx_6.15.0.202507011659\\db\/mcu/
2025-12-15 09:11:01,995 [INFO] ApiDb:274 - Set plugin database path to: C:\ST\STM32CubeIDE_1.19.0\STM32CubeIDE\plugins\com.st.stm32cube.common.mx_6.15.0.202507011659\\db\/plugins/boardmanager/
2025-12-15 09:11:01,995 [WARN] ApiDb:259 - Overriding images path with different value:  => C:\ST\STM32CubeIDE_1.19.0\STM32CubeIDE\plugins\com.st.stm32cube.common.mx_6.15.0.202507011659\\db\/plugins/mcufinder/images/
2025-12-15 09:11:01,999 [INFO] ApiDb:250 - Set database path to: C:\Users\LAPTOP K1\.stmcufinder\plugins\mcufinder//mcu/
2025-12-15 09:11:02,000 [INFO] DbMcusAds:125 - Set database path to: C:\Users\LAPTOP K1\.stmcufinder\plugins\mcufinder//mcu/
2025-12-15 09:11:02,001 [INFO] CrossReferenceDbSqlite:203 - Set database path to: C:\Users\LAPTOP K1\.stmcufinder\plugins\mcufinder//mcu/cs/
2025-12-15 09:11:02,083 [INFO] RulesReader:64 - Compatibility file has been processed (317 Rules)
2025-12-15 09:11:02,142 [INFO] DbMcusXml:78 - Set database path to: C:\ST\STM32CubeIDE_1.19.0\STM32CubeIDE\plugins\com.st.stm32cube.common.mx_6.15.0.202507011659\\db\/mcu/
2025-12-15 09:11:02,143 [INFO] ApiDb:274 - Set plugin database path to: C:\ST\STM32CubeIDE_1.19.0\STM32CubeIDE\plugins\com.st.stm32cube.common.mx_6.15.0.202507011659\\db\/plugins/boardmanager/
2025-12-15 09:11:02,143 [INFO] ApiDb:261 - Set plugin images path to: C:\ST\STM32CubeIDE_1.19.0\STM32CubeIDE\plugins\com.st.stm32cube.common.mx_6.15.0.202507011659\\db\/plugins/mcufinder/images/
2025-12-15 09:11:02,143 [WARN] DbFile:41 - Overriding database path with different value: C:\Users\LAPTOP K1\.stmcufinder\plugins\mcufinder/ => C:\Users\LAPTOP K1\.stmcufinder\plugins\mcufinder
2025-12-15 09:11:02,143 [INFO] ApiDb:250 - Set database path to: C:\Users\LAPTOP K1\.stmcufinder\plugins\mcufinder//mcu/
2025-12-15 09:11:02,143 [WARN] DbFile:41 - Overriding database path with different value: C:\Users\LAPTOP K1\.stmcufinder\plugins\mcufinder/ => C:\Users\LAPTOP K1\.stmcufinder\plugins\mcufinder
2025-12-15 09:11:02,143 [INFO] DbMcusAds:125 - Set database path to: C:\Users\LAPTOP K1\.stmcufinder\plugins\mcufinder//mcu/
2025-12-15 09:11:02,143 [WARN] DbFile:41 - Overriding database path with different value: C:\Users\LAPTOP K1\.stmcufinder\plugins\mcufinder/ => C:\Users\LAPTOP K1\.stmcufinder\plugins\mcufinder
2025-12-15 09:11:02,143 [WARN] DbFile:41 - Overriding database path with different value: C:\Users\LAPTOP K1\.stmcufinder\plugins\mcufinder/ => C:\Users\LAPTOP K1\.stmcufinder\plugins\mcufinder
2025-12-15 09:11:02,143 [INFO] CrossReferenceDbSqlite:203 - Set database path to: C:\Users\LAPTOP K1\.stmcufinder\plugins\mcufinder//mcu/cs/
2025-12-15 09:11:02,193 [INFO] MainPanel:274 - HeapMemory: 268435456
2025-12-15 09:11:02,251 [INFO] DbMcusXml:78 - Set database path to: C:\ST\STM32CubeIDE_1.19.0\STM32CubeIDE\plugins\com.st.stm32cube.common.mx_6.15.0.202507011659\\db\/mcu/
2025-12-15 09:11:02,251 [INFO] ApiDb:274 - Set plugin database path to: C:\ST\STM32CubeIDE_1.19.0\STM32CubeIDE\plugins\com.st.stm32cube.common.mx_6.15.0.202507011659\\db\/plugins/boardmanager/
2025-12-15 09:11:02,251 [INFO] ApiDb:261 - Set plugin images path to: C:\ST\STM32CubeIDE_1.19.0\STM32CubeIDE\plugins\com.st.stm32cube.common.mx_6.15.0.202507011659\\db\/plugins/mcufinder/images/
2025-12-15 09:11:02,252 [WARN] DbFile:41 - Overriding database path with different value: C:\Users\LAPTOP K1\.stmcufinder\plugins\mcufinder/ => C:\Users\LAPTOP K1\.stmcufinder\plugins\mcufinder
2025-12-15 09:11:02,252 [INFO] ApiDb:250 - Set database path to: C:\Users\LAPTOP K1\.stmcufinder\plugins\mcufinder//mcu/
2025-12-15 09:11:02,252 [WARN] DbFile:41 - Overriding database path with different value: C:\Users\LAPTOP K1\.stmcufinder\plugins\mcufinder/ => C:\Users\LAPTOP K1\.stmcufinder\plugins\mcufinder
2025-12-15 09:11:02,252 [INFO] DbMcusAds:125 - Set database path to: C:\Users\LAPTOP K1\.stmcufinder\plugins\mcufinder//mcu/
2025-12-15 09:11:02,252 [WARN] DbFile:41 - Overriding database path with different value: C:\Users\LAPTOP K1\.stmcufinder\plugins\mcufinder/ => C:\Users\LAPTOP K1\.stmcufinder\plugins\mcufinder
2025-12-15 09:11:02,252 [WARN] DbFile:41 - Overriding database path with different value: C:\Users\LAPTOP K1\.stmcufinder\plugins\mcufinder/ => C:\Users\LAPTOP K1\.stmcufinder\plugins\mcufinder
2025-12-15 09:11:02,252 [INFO] CrossReferenceDbSqlite:203 - Set database path to: C:\Users\LAPTOP K1\.stmcufinder\plugins\mcufinder//mcu/cs/
2025-12-15 09:11:02,263 [INFO] ApplicationProperties:184 - Using Application install path: C:\ST\STM32CubeIDE_1.19.0\STM32CubeIDE\plugins\com.st.stm32cube.common.mx_6.15.0.202507011659
2025-12-15 09:11:02,264 [INFO] PluginManage:196 - Search for loadable plugins [exclusion list=, ]
2025-12-15 09:11:02,264 [INFO] PluginManage:310 - Check plugin analytics
2025-12-15 09:11:02,434 [INFO] AnalyticsPlugin:253 - Accepted Software Licenses: 
2025-12-15 09:11:02,434 [INFO] AnalyticsPlugin:255 - Accepted CMSIS Pack Licenses: 
2025-12-15 09:11:02,434 [INFO] AnalyticsPlugin:257 - Accepted Firmware Licenses: FW.F4.1.28.0
2025-12-15 09:11:02,439 [INFO] PluginManage:359 - Loaded plugin analytics (category:tool,tabindex:-1)
2025-12-15 09:11:02,439 [INFO] PluginManage:310 - Check plugin cadmodel
2025-12-15 09:11:02,444 [INFO] CADModel:105 - Init CAD model plugin
2025-12-15 09:11:02,444 [INFO] PluginManage:359 - Loaded plugin cadmodel (category:power,tabindex:5)
2025-12-15 09:11:02,444 [INFO] PluginManage:310 - Check plugin clock
2025-12-15 09:11:02,455 [INFO] PluginManage:359 - Loaded plugin clock (category:base,tabindex:2)
2025-12-15 09:11:02,455 [INFO] PluginManage:310 - Check plugin ddr
2025-12-15 09:11:02,457 [INFO] PluginManage:359 - Loaded plugin ddr (category:tool,tabindex:6)
2025-12-15 09:11:02,457 [INFO] PluginManage:310 - Check plugin filemanager
2025-12-15 09:11:02,574 [INFO] PluginManage:359 - Loaded plugin filemanager (category:base,tabindex:10)
2025-12-15 09:11:02,574 [INFO] PluginManage:310 - Check plugin ipmanager
2025-12-15 09:11:02,579 [INFO] PluginManage:359 - Loaded plugin ipmanager (category:base,tabindex:5)
2025-12-15 09:11:02,579 [INFO] PluginManage:310 - Check plugin lpbam
2025-12-15 09:11:02,587 [INFO] PluginManage:359 - Loaded plugin lpbam (category:base,tabindex:0)
2025-12-15 09:11:02,587 [INFO] PluginManage:310 - Check plugin memorymap
2025-12-15 09:11:02,601 [INFO] PluginManage:359 - Loaded plugin memorymap (category:base,tabindex:4)
2025-12-15 09:11:02,601 [INFO] PluginManage:310 - Check plugin pinoutandconfiguration
2025-12-15 09:11:02,606 [INFO] PluginManage:359 - Loaded plugin pinoutandconfiguration (category:base,tabindex:1)
2025-12-15 09:11:02,606 [INFO] PluginManage:310 - Check plugin pinoutconfig
2025-12-15 09:11:02,683 [WARN] SupportedApi:132 - Cannot load RTOS API schema: s4s-elt-must-match.1: The content of 'definitions' must match (annotation?, (simpleType | complexType)?, (unique | key | keyref)*)). A problem was found starting at: attribute.
2025-12-15 09:11:02,790 [INFO] PluginManage:359 - Loaded plugin pinoutconfig (category:base,tabindex:0)
2025-12-15 09:11:02,790 [INFO] PluginManage:310 - Check plugin power
2025-12-15 09:11:02,796 [INFO] PluginManage:359 - Loaded plugin power (category:power,tabindex:4)
2025-12-15 09:11:02,796 [INFO] PluginManage:310 - Check plugin projectmanager
2025-12-15 09:11:02,809 [INFO] PluginManage:359 - Loaded plugin projectmanager (category:projectmanager,tabindex:4)
2025-12-15 09:11:02,809 [INFO] PluginManage:310 - Check plugin rif
2025-12-15 09:11:02,819 [INFO] PluginManage:359 - Loaded plugin rif (category:base,tabindex:3)
2025-12-15 09:11:02,819 [INFO] PluginManage:310 - Check plugin thirdparty
2025-12-15 09:11:02,931 [WARN] IntegrityCheckThread:84 - waiting for thirdparty lock release [integrity check]
2025-12-15 09:11:02,931 [INFO] IntegrityCheckThread:86 - entering critical section [integrity check]
2025-12-15 09:11:02,932 [INFO] ThirdPartyUpdaterWithRetryManager:70 - Updater plugin not ready yet. [1/15]
2025-12-15 09:11:02,932 [INFO] PluginManage:359 - Loaded plugin thirdparty (category:base,tabindex:-1)
2025-12-15 09:11:02,932 [INFO] PluginManage:310 - Check plugin tools
2025-12-15 09:11:02,937 [INFO] PluginManage:359 - Loaded plugin tools (category:base,tabindex:7)
2025-12-15 09:11:02,937 [INFO] PluginManage:310 - Check plugin tutovideos
2025-12-15 09:11:03,061 [INFO] PluginManage:359 - Loaded plugin tutovideos (category:base,tabindex:-1)
2025-12-15 09:11:03,062 [INFO] PluginManage:310 - Check plugin updater
2025-12-15 09:11:03,077 [INFO] PluginManage:359 - Loaded plugin updater (category:base,tabindex:12)
2025-12-15 09:11:03,077 [INFO] PluginManage:310 - Check plugin userauth
2025-12-15 09:11:03,083 [INFO] UserAuth:118 - Init User Auth plugin
2025-12-15 09:11:03,084 [INFO] PluginManage:359 - Loaded plugin userauth (category:base,tabindex:14)
2025-12-15 09:11:03,085 [INFO] PluginManage:283 - PluginManage : Loaded plugins [18]
2025-12-15 09:11:03,232 [INFO] PinOutPanel:1589 - setPackage(No Configuration,No Configuration)
2025-12-15 09:11:03,282 [INFO] CADModel:165 - CPN selected for project level
2025-12-15 09:11:03,282 [INFO] CADModel:114 - Register for checkConnection events
2025-12-15 09:11:03,292 [INFO] IPUIPlugin:80 - create IPUIPlugin
2025-12-15 09:11:03,292 [INFO] PluginManager:220 - loadIPPluginJar : add adc
2025-12-15 09:11:03,294 [INFO] IPUIPlugin:80 - create IPUIPlugin
2025-12-15 09:11:03,294 [INFO] PluginManager:220 - loadIPPluginJar : add aes
2025-12-15 09:11:03,295 [INFO] IPUIPlugin:80 - create IPUIPlugin
2025-12-15 09:11:03,295 [INFO] PluginManager:220 - loadIPPluginJar : add can
2025-12-15 09:11:03,297 [INFO] IPUIPlugin:80 - create IPUIPlugin
2025-12-15 09:11:03,297 [INFO] PluginManager:220 - loadIPPluginJar : add comp
2025-12-15 09:11:03,299 [INFO] IPUIPlugin:80 - create IPUIPlugin
2025-12-15 09:11:03,299 [INFO] PluginManager:220 - loadIPPluginJar : add cryp
2025-12-15 09:11:03,300 [INFO] IPUIPlugin:80 - create IPUIPlugin
2025-12-15 09:11:03,300 [INFO] PluginManager:220 - loadIPPluginJar : add ddr_ctrl_phy
2025-12-15 09:11:03,301 [INFO] IPUIPlugin:80 - create IPUIPlugin
2025-12-15 09:11:03,302 [INFO] PluginManager:220 - loadIPPluginJar : add dfsdm
2025-12-15 09:11:03,305 [INFO] IPUIPlugin:80 - create IPUIPlugin
2025-12-15 09:11:03,305 [INFO] PluginManager:220 - loadIPPluginJar : add dma
2025-12-15 09:11:03,306 [INFO] IPUIPlugin:80 - create IPUIPlugin
2025-12-15 09:11:03,306 [INFO] PluginManager:220 - loadIPPluginJar : add dma3
2025-12-15 09:11:03,308 [INFO] IPUIPlugin:80 - create IPUIPlugin
2025-12-15 09:11:03,308 [INFO] PluginManager:220 - loadIPPluginJar : add extmemmanager
2025-12-15 09:11:03,310 [INFO] IPUIPlugin:80 - create IPUIPlugin
2025-12-15 09:11:03,310 [INFO] PluginManager:220 - loadIPPluginJar : add fatfs
2025-12-15 09:11:03,313 [INFO] IPUIPlugin:80 - create IPUIPlugin
2025-12-15 09:11:03,313 [INFO] PluginManager:220 - loadIPPluginJar : add fmc
2025-12-15 09:11:03,318 [INFO] IPUIPlugin:80 - create IPUIPlugin
2025-12-15 09:11:03,318 [INFO] PluginManager:220 - loadIPPluginJar : add freertos
2025-12-15 09:11:03,318 [INFO] IPUIPlugin:80 - create IPUIPlugin
2025-12-15 09:11:03,319 [INFO] PluginManager:220 - loadIPPluginJar : add genericplugin
2025-12-15 09:11:03,320 [INFO] IPUIPlugin:80 - create IPUIPlugin
2025-12-15 09:11:03,320 [INFO] PluginManager:220 - loadIPPluginJar : add gfxmmu
2025-12-15 09:11:03,323 [INFO] IPUIPlugin:80 - create IPUIPlugin
2025-12-15 09:11:03,324 [INFO] PluginManager:220 - loadIPPluginJar : add gic
2025-12-15 09:11:03,326 [INFO] IPUIPlugin:80 - create IPUIPlugin
2025-12-15 09:11:03,326 [INFO] PluginManager:220 - loadIPPluginJar : add gpio
2025-12-15 09:11:03,327 [INFO] IPUIPlugin:80 - create IPUIPlugin
2025-12-15 09:11:03,327 [INFO] PluginManager:220 - loadIPPluginJar : add gtzc
2025-12-15 09:11:03,328 [INFO] IPUIPlugin:80 - create IPUIPlugin
2025-12-15 09:11:03,328 [INFO] PluginManager:220 - loadIPPluginJar : add hash
2025-12-15 09:11:03,330 [INFO] IPUIPlugin:80 - create IPUIPlugin
2025-12-15 09:11:03,330 [INFO] PluginManager:220 - loadIPPluginJar : add i2c
2025-12-15 09:11:03,333 [INFO] IPUIPlugin:80 - create IPUIPlugin
2025-12-15 09:11:03,334 [INFO] PluginManager:220 - loadIPPluginJar : add i2s
2025-12-15 09:11:03,336 [INFO] IPUIPlugin:80 - create IPUIPlugin
2025-12-15 09:11:03,336 [INFO] PluginManager:220 - loadIPPluginJar : add i3c
2025-12-15 09:11:03,338 [INFO] IPUIPlugin:80 - create IPUIPlugin
2025-12-15 09:11:03,338 [INFO] PluginManager:220 - loadIPPluginJar : add ipddr
2025-12-15 09:11:03,343 [INFO] IPUIPlugin:80 - create IPUIPlugin
2025-12-15 09:11:03,343 [INFO] PluginManager:220 - loadIPPluginJar : add linkedlist
2025-12-15 09:11:03,346 [INFO] IPUIPlugin:80 - create IPUIPlugin
2025-12-15 09:11:03,346 [INFO] PluginManager:220 - loadIPPluginJar : add lorawan
2025-12-15 09:11:03,347 [INFO] IPUIPlugin:80 - create IPUIPlugin
2025-12-15 09:11:03,347 [INFO] PluginManager:220 - loadIPPluginJar : add ltdc
2025-12-15 09:11:03,350 [INFO] IPUIPlugin:80 - create IPUIPlugin
2025-12-15 09:11:03,350 [INFO] PluginManager:220 - loadIPPluginJar : add mdma
2025-12-15 09:11:03,352 [INFO] IPUIPlugin:80 - create IPUIPlugin
2025-12-15 09:11:03,352 [INFO] PluginManager:220 - loadIPPluginJar : add nvic
2025-12-15 09:11:03,354 [INFO] IPUIPlugin:80 - create IPUIPlugin
2025-12-15 09:11:03,354 [INFO] PluginManager:220 - loadIPPluginJar : add opamp
2025-12-15 09:11:03,356 [INFO] IPUIPlugin:80 - create IPUIPlugin
2025-12-15 09:11:03,356 [INFO] PluginManager:220 - loadIPPluginJar : add openamp
2025-12-15 09:11:03,358 [INFO] IPUIPlugin:80 - create IPUIPlugin
2025-12-15 09:11:03,358 [INFO] PluginManager:220 - loadIPPluginJar : add pdm2pcm
2025-12-15 09:11:03,362 [INFO] IPUIPlugin:80 - create IPUIPlugin
2025-12-15 09:11:03,363 [INFO] PluginManager:220 - loadIPPluginJar : add plateformsettings
2025-12-15 09:11:03,364 [INFO] IPUIPlugin:80 - create IPUIPlugin
2025-12-15 09:11:03,364 [INFO] PluginManager:220 - loadIPPluginJar : add quadspi
2025-12-15 09:11:03,365 [INFO] IPUIPlugin:80 - create IPUIPlugin
2025-12-15 09:11:03,365 [INFO] PluginManager:220 - loadIPPluginJar : add radio
2025-12-15 09:11:03,369 [INFO] IPUIPlugin:80 - create IPUIPlugin
2025-12-15 09:11:03,369 [INFO] PluginManager:220 - loadIPPluginJar : add resmgrutility
2025-12-15 09:11:03,371 [INFO] IPUIPlugin:80 - create IPUIPlugin
2025-12-15 09:11:03,371 [INFO] PluginManager:220 - loadIPPluginJar : add sai
2025-12-15 09:11:03,372 [INFO] IPUIPlugin:80 - create IPUIPlugin
2025-12-15 09:11:03,372 [INFO] PluginManager:220 - loadIPPluginJar : add spi
2025-12-15 09:11:03,377 [INFO] IPUIPlugin:80 - create IPUIPlugin
2025-12-15 09:11:03,377 [INFO] PluginManager:220 - loadIPPluginJar : add stm32_wpan
2025-12-15 09:11:03,379 [INFO] IPUIPlugin:80 - create IPUIPlugin
2025-12-15 09:11:03,379 [INFO] PluginManager:220 - loadIPPluginJar : add tim
2025-12-15 09:11:03,381 [INFO] IPUIPlugin:80 - create IPUIPlugin
2025-12-15 09:11:03,381 [INFO] PluginManager:220 - loadIPPluginJar : add touchsensing
2025-12-15 09:11:03,385 [INFO] IPUIPlugin:80 - create IPUIPlugin
2025-12-15 09:11:03,385 [INFO] PluginManager:220 - loadIPPluginJar : add tracer_emb
2025-12-15 09:11:03,387 [INFO] IPUIPlugin:80 - create IPUIPlugin
2025-12-15 09:11:03,387 [INFO] PluginManager:220 - loadIPPluginJar : add ts
2025-12-15 09:11:03,388 [INFO] IPUIPlugin:80 - create IPUIPlugin
2025-12-15 09:11:03,388 [INFO] PluginManager:220 - loadIPPluginJar : add tsc
2025-12-15 09:11:03,390 [INFO] IPUIPlugin:80 - create IPUIPlugin
2025-12-15 09:11:03,390 [INFO] PluginManager:220 - loadIPPluginJar : add ucpd
2025-12-15 09:11:03,391 [INFO] IPUIPlugin:80 - create IPUIPlugin
2025-12-15 09:11:03,391 [INFO] PluginManager:220 - loadIPPluginJar : add usart
2025-12-15 09:11:03,393 [INFO] IPUIPlugin:80 - create IPUIPlugin
2025-12-15 09:11:03,393 [INFO] PluginManager:220 - loadIPPluginJar : add usbx
2025-12-15 09:11:03,500 [FATAL] Updater:351 - Updater called before beeing initialized
2025-12-15 09:11:03,525 [INFO] RulesReader:64 - Compatibility file has been processed (317 Rules)
2025-12-15 09:11:03,535 [INFO] RulesReader:64 - Compatibility file has been processed (317 Rules)
2025-12-15 09:11:03,544 [INFO] CADModel:165 - CPN selected for project level
2025-12-15 09:11:03,544 [INFO] CADModel:114 - Register for checkConnection events
2025-12-15 09:11:03,544 [FATAL] Updater:351 - Updater called before beeing initialized
2025-12-15 09:11:03,545 [ERROR] CADModel:125 - Updater not yet initialized, retry later 
2025-12-15 09:11:03,660 [FATAL] Updater:351 - Updater called before beeing initialized
2025-12-15 09:11:03,661 [INFO] CADModel:165 - CPN selected for project level
2025-12-15 09:11:03,661 [INFO] CADModel:114 - Register for checkConnection events
2025-12-15 09:11:03,661 [FATAL] Updater:351 - Updater called before beeing initialized
2025-12-15 09:11:03,661 [ERROR] CADModel:125 - Updater not yet initialized, retry later 
2025-12-15 09:11:03,664 [FATAL] Updater:351 - Updater called before beeing initialized
2025-12-15 09:11:03,735 [FATAL] Updater:351 - Updater called before beeing initialized
2025-12-15 09:11:03,739 [INFO] DbMcusAds:53 - JSON generation date=Fri Dec 05 16:13:14 ICT 2025 (1764925994673)
2025-12-15 09:11:03,739 [FATAL] Updater:351 - Updater called before beeing initialized
2025-12-15 09:11:03,760 [WARN] DetailPanel:346 - Failed to get advertising image, set to default
2025-12-15 09:11:03,827 [FATAL] Updater:351 - Updater called before beeing initialized
2025-12-15 09:11:03,847 [FATAL] Updater:351 - Updater called before beeing initialized
2025-12-15 09:11:03,847 [FATAL] Updater:351 - Updater called before beeing initialized
2025-12-15 09:11:03,847 [WARN] DetailPanel:346 - Failed to get advertising image, set to default
2025-12-15 09:11:03,848 [FATAL] Updater:351 - Updater called before beeing initialized
2025-12-15 09:11:03,885 [ERROR] Updater:1198 - MainUpdater not yet initialized. External WinMGr cannot be set.
2025-12-15 09:11:03,886 [INFO] Updater:1134 - Updater Version found : 6.15.0
2025-12-15 09:11:03,897 [INFO] ApplicationProperties:184 - Using Application install path: C:\ST\STM32CubeIDE_1.19.0\STM32CubeIDE\plugins\com.st.stm32cube.common.mx_6.15.0.202507011659
2025-12-15 09:11:05,473 [ERROR] LogOutputStream:75 - [STDERR_REDIRECT] Dec 15, 2025 9:11:05 AM java.util.prefs.WindowsPreferences <init>
2025-12-15 09:11:05,476 [ERROR] LogOutputStream:75 - [STDERR_REDIRECT] WARNING: Could not open/create prefs root node Software\JavaSoft\Prefs at root 0xffffffff80000002. Windows RegCreateKeyEx(...) returned error code 5.
2025-12-15 09:11:05,476 [ERROR] LogOutputStream:75 - [STDERR_REDIRECT] 
2025-12-15 09:11:05,782 [INFO] MainUpdater:2872 - connection check result : 10
2025-12-15 09:11:05,783 [INFO] MainUpdater:289 - Updater Check For Update Now.
2025-12-15 09:11:05,783 [INFO] MicroXplorer:498 - Change Database Version : DB.6.0.150
2025-12-15 09:11:05,791 [INFO] McuFinderGlobals:63 - Set McuFinder mode to 2 (CubeIDE integrated)
2025-12-15 09:11:05,791 [INFO] UserAuth:487 - Internet connection configuration mode: 1
2025-12-15 09:11:05,840 [INFO] JxBrowserEngine:152 - Initiate JxBrowser Engine with user profile folder
2025-12-15 09:11:05,934 [WARN] MainUpdater:1193 - Updater busy. Cannot search thirdparties
2025-12-15 09:11:05,934 [INFO] ThirdPartyUpdaterWithRetryManager:96 - Updater plugin is busy. [1/15]
2025-12-15 09:11:05,953 [INFO] CheckServerUpdateThread:120 - End of CheckServer Thread
2025-12-15 09:11:06,267 [INFO] WebApp:169 - Instantiating new browser for Auth
2025-12-15 09:11:06,682 [INFO] WebApp:463 - Apply proxy settings
2025-12-15 09:11:06,683 [INFO] WebApp:548 - Chromium requires no authentication
2025-12-15 09:11:06,688 [INFO] WebApp:491 - Direct internet connection detected
2025-12-15 09:11:06,700 [INFO] WebApp:900 - Register for checkConnection events
2025-12-15 09:11:06,700 [INFO] WebApp:463 - Apply proxy settings
2025-12-15 09:11:06,700 [INFO] WebApp:548 - Chromium requires no authentication
2025-12-15 09:11:06,701 [INFO] WebApp:491 - Direct internet connection detected
2025-12-15 09:11:06,790 [INFO] WebApp:225 - Starting web application
2025-12-15 09:11:06,790 [INFO] WebApp:593 - Web application path used C:\ST\STM32CubeIDE_1.19.0\STM32CubeIDE\plugins\com.st.stm32cube.common.mx_6.15.0.202507011659\db\plugins\mcufinder\reactClient1\index.html
2025-12-15 09:11:06,848 [INFO] UserAuth:487 - Internet connection configuration mode: 1
2025-12-15 09:11:06,900 [INFO] WebApp:191 - Connection restablished
2025-12-15 09:11:09,110 [WARN] PackLoader:240 - Cannot read IP mode file for STMicroelectronics.FP-SNS-MOTENVWB1.1.4.0
2025-12-15 09:11:09,120 [WARN] PackLoader:240 - Cannot read IP mode file for STMicroelectronics.FP-ATR-ASTRA1.2.0.2
2025-12-15 09:11:09,129 [WARN] PackLoader:240 - Cannot read IP mode file for STMicroelectronics.X-CUBE-SMBUS.2.1.0
2025-12-15 09:11:09,133 [WARN] PackLoader:240 - Cannot read IP mode file for STMicroelectronics.X-CUBE-ST60.1.0.0
2025-12-15 09:11:09,152 [WARN] PackLoader:240 - Cannot read IP mode file for STMicroelectronics.X-CUBE-AZRTOS-F7.1.1.0
2025-12-15 09:11:09,156 [WARN] PackLoader:240 - Cannot read IP mode file for Cesanta.I-CUBE-Mongoose.7.19.0
2025-12-15 09:11:09,159 [WARN] PackLoader:240 - Cannot read IP mode file for STMicroelectronics.FP-SNS-MOTENV1.5.1.0
2025-12-15 09:11:09,168 [WARN] PackLoader:240 - Cannot read IP mode file for WES.I-CUBE-Cesium.1.4.0
2025-12-15 09:11:09,182 [WARN] PackLoader:240 - Cannot read IP mode file for Infineon.AIROC-Wi-Fi-Bluetooth-STM32.1.7.1
2025-12-15 09:11:09,204 [WARN] PackLoader:240 - Cannot read IP mode file for STMicroelectronics.X-CUBE-AZRTOS-H7.3.4.0
2025-12-15 09:11:09,211 [WARN] PackLoader:240 - Cannot read IP mode file for STMicroelectronics.X-CUBE-DISPLAY.3.0.0
2025-12-15 09:11:09,221 [WARN] PackLoader:240 - Cannot read IP mode file for STMicroelectronics.X-CUBE-NFC10.1.0.0
2025-12-15 09:11:09,225 [WARN] PackLoader:240 - Cannot read IP mode file for STMicroelectronics.X-CUBE-ST60.1.1.0
2025-12-15 09:11:09,229 [WARN] PackLoader:240 - Cannot read IP mode file for emotas.I-CUBE-CANOPEN.1.3.0
2025-12-15 09:11:09,232 [WARN] PackLoader:240 - Cannot read IP mode file for STMicroelectronics.X-CUBE-GNSS1.7.1.0
2025-12-15 09:11:09,236 [WARN] PackLoader:240 - Cannot read IP mode file for STMicroelectronics.FP-SNS-STBOX1.2.1.0
2025-12-15 09:11:09,240 [WARN] PackLoader:240 - Cannot read IP mode file for STMicroelectronics.FP-SNS-SMARTAG2.1.2.0
2025-12-15 09:11:09,243 [WARN] PackLoader:240 - Cannot read IP mode file for STMicroelectronics.FP-SNS-FLIGHT1.5.1.0
2025-12-15 09:11:09,248 [INFO] LogOutputStream:77 - [STDOUT_REDIRECT] 1 : Invalid condition id : UX_CORESTACK_Condition cause : null
2025-12-15 09:11:09,249 [INFO] LogOutputStream:77 - [STDOUT_REDIRECT] 1 : Invalid condition id : UX_CORESTACK_Condition cause : null
2025-12-15 09:11:09,251 [INFO] LogOutputStream:77 - [STDOUT_REDIRECT] 1 : Invalid condition id : UX_CORESTACK_Condition cause : null
2025-12-15 09:11:09,251 [INFO] LogOutputStream:77 - [STDOUT_REDIRECT] 1 : Invalid condition id : UX_CORESTACK_Condition cause : null
2025-12-15 09:11:09,252 [INFO] LogOutputStream:77 - [STDOUT_REDIRECT] 1 : Invalid condition id : UX_CORESTACK_Condition cause : null
2025-12-15 09:11:09,254 [WARN] PackLoader:240 - Cannot read IP mode file for STMicroelectronics.X-CUBE-AZRTOS-WL.2.0.0
2025-12-15 09:11:09,257 [WARN] PackLoader:240 - Cannot read IP mode file for STMicroelectronics.FP-SNS-MOTENV1.5.0.0
2025-12-15 09:11:09,268 [WARN] PackLoader:240 - Cannot read IP mode file for STMicroelectronics.X-CUBE-AZRTOS-H7RS.1.2.0
2025-12-15 09:11:09,279 [WARN] PackLoader:240 - Cannot read IP mode file for STMicroelectronics.X-CUBE-BLE2.3.3.0
2025-12-15 09:11:09,297 [WARN] PackLoader:240 - Cannot read IP mode file for STMicroelectronics.X-CUBE-NFC9.1.0.0
2025-12-15 09:11:09,301 [WARN] PackLoader:240 - Cannot read IP mode file for wolfSSL.I-CUBE-wolfSSL.5.8.2
2025-12-15 09:11:09,305 [WARN] PackLoader:240 - Cannot read IP mode file for STMicroelectronics.X-CUBE-BLE1.7.1.0
2025-12-15 09:11:09,308 [WARN] PackLoader:240 - Cannot read IP mode file for wolfSSL.I-CUBE-wolfMQTT.1.19.2
2025-12-15 09:11:09,312 [WARN] PackLoader:240 - Cannot read IP mode file for STMicroelectronics.X-CUBE-FREERTOS.1.4.0
2025-12-15 09:11:09,315 [WARN] PackLoader:240 - Cannot read IP mode file for STMicroelectronics.X-CUBE-EEPRMA1.5.2.0
2025-12-15 09:11:09,319 [WARN] PackLoader:240 - Cannot read IP mode file for STMicroelectronics.X-CUBE-ST67W61.1.1.0
2025-12-15 09:11:09,338 [WARN] PackLoader:240 - Cannot read IP mode file for STMicroelectronics.X-CUBE-MEMS1.12.0.0
2025-12-15 09:11:09,390 [WARN] PackLoader:240 - Cannot read IP mode file for STMicroelectronics.X-CUBE-AZRTOS-G0.1.1.0
2025-12-15 09:11:09,396 [WARN] PackLoader:240 - Cannot read IP mode file for STMicroelectronics.X-CUBE-SAFEA1.1.2.2
2025-12-15 09:11:09,401 [WARN] PackLoader:240 - Cannot read IP mode file for STMicroelectronics.X-CUBE-NFC4.3.0.0
2025-12-15 09:11:09,410 [WARN] PackLoader:240 - Cannot read IP mode file for EmbeddedOffice.I-CUBE-FS-RTOS.1.0.1
2025-12-15 09:11:09,435 [WARN] PackLoader:240 - Cannot read IP mode file for STMicroelectronics.X-CUBE-WB05N.2.0.0
2025-12-15 09:11:09,440 [WARN] PackLoader:240 - Cannot read IP mode file for wolfSSL.I-CUBE-wolfTPM.3.8.0
2025-12-15 09:11:09,444 [WARN] PackLoader:240 - Cannot read IP mode file for STMicroelectronics.X-CUBE-TCPP.4.2.0
2025-12-15 09:11:09,448 [WARN] PackLoader:240 - Cannot read IP mode file for RealThread.X-CUBE-RT-Thread_Nano.4.1.1
2025-12-15 09:11:09,452 [WARN] PackLoader:240 - Cannot read IP mode file for STMicroelectronics.FP-ATR-SIGFOX1.3.2.0
2025-12-15 09:11:09,455 [WARN] PackLoader:240 - Cannot read IP mode file for ITTIA_DB.I-CUBE-ITTIADB.8.9.0
2025-12-15 09:11:09,461 [WARN] PackLoader:240 - Cannot read IP mode file for STMicroelectronics.X-CUBE-ST67W61.1.0.0
2025-12-15 09:11:09,464 [WARN] PackLoader:240 - Cannot read IP mode file for STMicroelectronics.X-CUBE-AI.10.2.0
2025-12-15 09:11:09,476 [WARN] PackLoader:240 - Cannot read IP mode file for SEGGER.I-CUBE-embOS.1.3.1
2025-12-15 09:11:09,494 [WARN] PackLoader:240 - Cannot read IP mode file for STMicroelectronics.X-CUBE-ALGOBUILD.1.4.0
2025-12-15 09:11:09,515 [WARN] PackLoader:240 - Cannot read IP mode file for STMicroelectronics.X-CUBE-MEMS1.11.3.0
2025-12-15 09:11:09,576 [WARN] PackLoader:240 - Cannot read IP mode file for STMicroelectronics.X-CUBE-PM33A1.1.0.0
2025-12-15 09:11:09,585 [WARN] PackLoader:240 - Cannot read IP mode file for STMicroelectronics.X-CUBE-AZRTOS-F4.1.1.0
2025-12-15 09:11:09,588 [WARN] PackLoader:240 - Cannot read IP mode file for Avnet-IotConnect.X-CUBE-IoTC-DA16k-PMOD.1.0.0
2025-12-15 09:11:09,591 [WARN] PackLoader:240 - Cannot read IP mode file for STMicroelectronics.X-CUBE-ISPU.2.1.0
2025-12-15 09:11:09,599 [WARN] PackLoader:240 - Cannot read IP mode file for STMicroelectronics.X-CUBE-IPS.3.2.0
2025-12-15 09:11:09,606 [WARN] PackLoader:240 - Cannot read IP mode file for STMicroelectronics.X-CUBE-NFC12.1.0.0
2025-12-15 09:11:09,618 [WARN] PackLoader:240 - Cannot read IP mode file for STMicroelectronics.X-CUBE-AZRTOS-L5.2.0.0
2025-12-15 09:11:09,623 [WARN] PackLoader:240 - Cannot read IP mode file for STMicroelectronics.X-CUBE-NFC6.3.1.0
2025-12-15 09:11:09,627 [WARN] PackLoader:240 - Cannot read IP mode file for STMicroelectronics.X-CUBE-FREERTOS.1.3.1
2025-12-15 09:11:09,634 [WARN] PackLoader:240 - Cannot read IP mode file for STMicroelectronics.X-CUBE-TOUCHGFX.4.26.0
2025-12-15 09:11:09,637 [WARN] PackLoader:240 - Cannot read IP mode file for STMicroelectronics.FP-SNS-STAIOTCFT.1.0.0
2025-12-15 09:11:09,640 [WARN] PackLoader:240 - Cannot read IP mode file for STMicroelectronics.X-CUBE-DPower.1.3.0
2025-12-15 09:11:09,648 [WARN] ConditionMgr:438 - getConditionDescription Invalid condition id : LAN8742 Phy interface Condition cause : null
2025-12-15 09:11:09,648 [WARN] PackLoader:240 - Cannot read IP mode file for STMicroelectronics.X-CUBE-AZRTOS-L4.2.0.0
2025-12-15 09:11:09,649 [WARN] ConditionMgr:1044 - genDependencies : Invalid condition id : LAN8742 Phy interface Condition cause : null
2025-12-15 09:11:09,649 [WARN] ConditionMgr:1044 - genDependencies : Invalid condition id : LAN8742 Phy interface Condition cause : null
2025-12-15 09:11:09,649 [WARN] ConditionMgr:1044 - genDependencies : Invalid condition id : LAN8742 Phy interface Condition cause : null
2025-12-15 09:11:09,653 [WARN] PackLoader:240 - Cannot read IP mode file for STMicroelectronics.X-CUBE-SFXS2LP1.4.0.0
2025-12-15 09:11:09,658 [WARN] PackLoader:240 - Cannot read IP mode file for STMicroelectronics.X-CUBE-BLEMGR.4.1.0
2025-12-15 09:11:09,666 [WARN] ConditionMgr:438 - getConditionDescription Invalid condition id : UX DEVICE CLASS RTOS Condition cause : null
2025-12-15 09:11:09,666 [WARN] ConditionMgr:438 - getConditionDescription Invalid condition id : UX DEVICE CLASS RTOS Condition cause : null
2025-12-15 09:11:09,667 [WARN] PackLoader:240 - Cannot read IP mode file for STMicroelectronics.X-CUBE-AZRTOS-WB.2.0.0
2025-12-15 09:11:09,668 [WARN] ConditionMgr:1044 - genDependencies : Invalid condition id : UX DEVICE CLASS RTOS Condition cause : null
2025-12-15 09:11:09,668 [WARN] ConditionMgr:1044 - genDependencies : Invalid condition id : UX DEVICE CLASS RTOS Condition cause : null
2025-12-15 09:11:09,668 [WARN] ConditionMgr:1044 - genDependencies : Invalid condition id : UX DEVICE CLASS RTOS Condition cause : null
2025-12-15 09:11:09,668 [WARN] ConditionMgr:1044 - genDependencies : Invalid condition id : UX DEVICE CLASS RTOS Condition cause : null
2025-12-15 09:11:09,668 [WARN] ConditionMgr:1044 - genDependencies : Invalid condition id : UX DEVICE CLASS RTOS Condition cause : null
2025-12-15 09:11:09,671 [WARN] PackLoader:240 - Cannot read IP mode file for STMicroelectronics.X-CUBE-GNSS1.7.0.1
2025-12-15 09:11:09,673 [WARN] PackLoader:240 - Cannot read IP mode file for STMicroelectronics.X-CUBE-TOUCHGFX.4.25.0
2025-12-15 09:11:09,676 [WARN] ConditionMgr:438 - getConditionDescription Invalid condition id : Cortex-A Device cause : null
2025-12-15 09:11:09,681 [WARN] ConditionMgr:1044 - genDependencies : Invalid condition id : Cortex-A Device cause : null
2025-12-15 09:11:09,681 [WARN] ConditionMgr:1044 - genDependencies : Invalid condition id : Cortex-A Device cause : null
2025-12-15 09:11:09,681 [WARN] ConditionMgr:1044 - genDependencies : Invalid condition id : Cortex-A Device cause : null
2025-12-15 09:11:09,686 [WARN] PackLoader:240 - Cannot read IP mode file for STMicroelectronics.X-CUBE-SUBG2.5.0.0
2025-12-15 09:11:09,695 [WARN] PackLoader:240 - Cannot read IP mode file for STMicroelectronics.X-CUBE-AZRTOS-H7RS.1.1.0
2025-12-15 09:11:09,703 [WARN] PackLoader:240 - Cannot read IP mode file for STMicroelectronics.X-CUBE-AZRTOS-G4.2.0.0
2025-12-15 09:11:09,706 [WARN] PackLoader:240 - Cannot read IP mode file for wolfSSL.I-CUBE-wolfSSH.1.4.20
2025-12-15 09:11:09,710 [WARN] PackLoader:240 - Cannot read IP mode file for STMicroelectronics.X-CUBE-NFC7.2.0.0
2025-12-15 09:11:09,716 [WARN] PackLoader:240 - Cannot read IP mode file for STMicroelectronics.X-CUBE-IPS.3.1.0
2025-12-15 09:11:09,722 [WARN] PackLoader:240 - Cannot read IP mode file for STMicroelectronics.X-CUBE-ALS.1.0.2
2025-12-15 09:11:09,726 [WARN] PackLoader:240 - Cannot read IP mode file for STMicroelectronics.X-CUBE-STSE01.1.0.0
2025-12-15 09:11:09,732 [WARN] PackLoader:240 - Cannot read IP mode file for STMicroelectronics.X-CUBE-TOF1.3.4.3
2025-12-15 09:11:09,737 [INFO] ThirdParty:978 - Integrity check success = true
2025-12-15 09:11:09,737 [INFO] IntegrityCheckThread:100 - exiting critical section [integrity check]
2025-12-15 09:11:09,737 [INFO] IntegrityCheckThread:103 - End integrity checks thread
2025-12-15 09:27:10,441 [INFO] Activator:176 - 


2025-12-15 09:27:10,441 [INFO] Activator:177 - !SESSION log4j initialized
2025-12-15 09:27:13,814 [INFO] LogOutputStream:77 - [STDOUT_REDIRECT] 
2025-12-15 09:27:15,151 [INFO] ApplicationProperties:184 - Using Application install path: C:\ST\STM32CubeIDE_1.19.0\STM32CubeIDE\plugins\com.st.stm32cube.common.mx_6.15.0.202507011659
2025-12-15 09:27:15,167 [INFO] DbMcusXml:78 - Set database path to: C:\ST\STM32CubeIDE_1.19.0\STM32CubeIDE\plugins\com.st.stm32cube.common.mx_6.15.0.202507011659\\db\/mcu/
2025-12-15 09:27:15,167 [INFO] ApiDb:274 - Set plugin database path to: C:\ST\STM32CubeIDE_1.19.0\STM32CubeIDE\plugins\com.st.stm32cube.common.mx_6.15.0.202507011659\\db\/plugins/boardmanager/
2025-12-15 09:27:15,167 [WARN] ApiDb:259 - Overriding images path with different value:  => C:\ST\STM32CubeIDE_1.19.0\STM32CubeIDE\plugins\com.st.stm32cube.common.mx_6.15.0.202507011659\\db\/plugins/mcufinder/images/
2025-12-15 09:27:15,167 [INFO] ApiDb:250 - Set database path to: C:\Users\LAPTOP K1\.stmcufinder\plugins\mcufinder//mcu/
2025-12-15 09:27:15,167 [INFO] DbMcusAds:125 - Set database path to: C:\Users\LAPTOP K1\.stmcufinder\plugins\mcufinder//mcu/
2025-12-15 09:27:15,167 [INFO] CrossReferenceDbSqlite:203 - Set database path to: C:\Users\LAPTOP K1\.stmcufinder\plugins\mcufinder//mcu/cs/
2025-12-15 09:27:15,246 [INFO] RulesReader:64 - Compatibility file has been processed (317 Rules)
2025-12-15 09:27:15,310 [INFO] DbMcusXml:78 - Set database path to: C:\ST\STM32CubeIDE_1.19.0\STM32CubeIDE\plugins\com.st.stm32cube.common.mx_6.15.0.202507011659\\db\/mcu/
2025-12-15 09:27:15,310 [INFO] ApiDb:274 - Set plugin database path to: C:\ST\STM32CubeIDE_1.19.0\STM32CubeIDE\plugins\com.st.stm32cube.common.mx_6.15.0.202507011659\\db\/plugins/boardmanager/
2025-12-15 09:27:15,310 [INFO] ApiDb:261 - Set plugin images path to: C:\ST\STM32CubeIDE_1.19.0\STM32CubeIDE\plugins\com.st.stm32cube.common.mx_6.15.0.202507011659\\db\/plugins/mcufinder/images/
2025-12-15 09:27:15,310 [WARN] DbFile:41 - Overriding database path with different value: C:\Users\LAPTOP K1\.stmcufinder\plugins\mcufinder/ => C:\Users\LAPTOP K1\.stmcufinder\plugins\mcufinder
2025-12-15 09:27:15,310 [INFO] ApiDb:250 - Set database path to: C:\Users\LAPTOP K1\.stmcufinder\plugins\mcufinder//mcu/
2025-12-15 09:27:15,310 [WARN] DbFile:41 - Overriding database path with different value: C:\Users\LAPTOP K1\.stmcufinder\plugins\mcufinder/ => C:\Users\LAPTOP K1\.stmcufinder\plugins\mcufinder
2025-12-15 09:27:15,310 [INFO] DbMcusAds:125 - Set database path to: C:\Users\LAPTOP K1\.stmcufinder\plugins\mcufinder//mcu/
2025-12-15 09:27:15,310 [WARN] DbFile:41 - Overriding database path with different value: C:\Users\LAPTOP K1\.stmcufinder\plugins\mcufinder/ => C:\Users\LAPTOP K1\.stmcufinder\plugins\mcufinder
2025-12-15 09:27:15,310 [WARN] DbFile:41 - Overriding database path with different value: C:\Users\LAPTOP K1\.stmcufinder\plugins\mcufinder/ => C:\Users\LAPTOP K1\.stmcufinder\plugins\mcufinder
2025-12-15 09:27:15,310 [INFO] CrossReferenceDbSqlite:203 - Set database path to: C:\Users\LAPTOP K1\.stmcufinder\plugins\mcufinder//mcu/cs/
2025-12-15 09:27:15,357 [INFO] MainPanel:274 - HeapMemory: 268435456
2025-12-15 09:27:15,419 [INFO] DbMcusXml:78 - Set database path to: C:\ST\STM32CubeIDE_1.19.0\STM32CubeIDE\plugins\com.st.stm32cube.common.mx_6.15.0.202507011659\\db\/mcu/
2025-12-15 09:27:15,419 [INFO] ApiDb:274 - Set plugin database path to: C:\ST\STM32CubeIDE_1.19.0\STM32CubeIDE\plugins\com.st.stm32cube.common.mx_6.15.0.202507011659\\db\/plugins/boardmanager/
2025-12-15 09:27:15,419 [INFO] ApiDb:261 - Set plugin images path to: C:\ST\STM32CubeIDE_1.19.0\STM32CubeIDE\plugins\com.st.stm32cube.common.mx_6.15.0.202507011659\\db\/plugins/mcufinder/images/
2025-12-15 09:27:15,420 [WARN] DbFile:41 - Overriding database path with different value: C:\Users\LAPTOP K1\.stmcufinder\plugins\mcufinder/ => C:\Users\LAPTOP K1\.stmcufinder\plugins\mcufinder
2025-12-15 09:27:15,420 [INFO] ApiDb:250 - Set database path to: C:\Users\LAPTOP K1\.stmcufinder\plugins\mcufinder//mcu/
2025-12-15 09:27:15,420 [WARN] DbFile:41 - Overriding database path with different value: C:\Users\LAPTOP K1\.stmcufinder\plugins\mcufinder/ => C:\Users\LAPTOP K1\.stmcufinder\plugins\mcufinder
2025-12-15 09:27:15,420 [INFO] DbMcusAds:125 - Set database path to: C:\Users\LAPTOP K1\.stmcufinder\plugins\mcufinder//mcu/
2025-12-15 09:27:15,420 [WARN] DbFile:41 - Overriding database path with different value: C:\Users\LAPTOP K1\.stmcufinder\plugins\mcufinder/ => C:\Users\LAPTOP K1\.stmcufinder\plugins\mcufinder
2025-12-15 09:27:15,420 [WARN] DbFile:41 - Overriding database path with different value: C:\Users\LAPTOP K1\.stmcufinder\plugins\mcufinder/ => C:\Users\LAPTOP K1\.stmcufinder\plugins\mcufinder
2025-12-15 09:27:15,420 [INFO] CrossReferenceDbSqlite:203 - Set database path to: C:\Users\LAPTOP K1\.stmcufinder\plugins\mcufinder//mcu/cs/
2025-12-15 09:27:15,430 [INFO] ApplicationProperties:184 - Using Application install path: C:\ST\STM32CubeIDE_1.19.0\STM32CubeIDE\plugins\com.st.stm32cube.common.mx_6.15.0.202507011659
2025-12-15 09:27:15,430 [INFO] PluginManage:196 - Search for loadable plugins [exclusion list=, ]
2025-12-15 09:27:15,430 [INFO] PluginManage:310 - Check plugin analytics
2025-12-15 09:27:15,588 [INFO] AnalyticsPlugin:253 - Accepted Software Licenses: 
2025-12-15 09:27:15,588 [INFO] AnalyticsPlugin:255 - Accepted CMSIS Pack Licenses: 
2025-12-15 09:27:15,588 [INFO] AnalyticsPlugin:257 - Accepted Firmware Licenses: FW.F4.1.28.0
2025-12-15 09:27:15,588 [INFO] PluginManage:359 - Loaded plugin analytics (category:tool,tabindex:-1)
2025-12-15 09:27:15,588 [INFO] PluginManage:310 - Check plugin cadmodel
2025-12-15 09:27:15,588 [INFO] CADModel:105 - Init CAD model plugin
2025-12-15 09:27:15,588 [INFO] PluginManage:359 - Loaded plugin cadmodel (category:power,tabindex:5)
2025-12-15 09:27:15,588 [INFO] PluginManage:310 - Check plugin clock
2025-12-15 09:27:15,604 [INFO] PluginManage:359 - Loaded plugin clock (category:base,tabindex:2)
2025-12-15 09:27:15,604 [INFO] PluginManage:310 - Check plugin ddr
2025-12-15 09:27:15,604 [INFO] PluginManage:359 - Loaded plugin ddr (category:tool,tabindex:6)
2025-12-15 09:27:15,604 [INFO] PluginManage:310 - Check plugin filemanager
2025-12-15 09:27:15,704 [INFO] PluginManage:359 - Loaded plugin filemanager (category:base,tabindex:10)
2025-12-15 09:27:15,704 [INFO] PluginManage:310 - Check plugin ipmanager
2025-12-15 09:27:15,704 [INFO] PluginManage:359 - Loaded plugin ipmanager (category:base,tabindex:5)
2025-12-15 09:27:15,704 [INFO] PluginManage:310 - Check plugin lpbam
2025-12-15 09:27:15,704 [INFO] PluginManage:359 - Loaded plugin lpbam (category:base,tabindex:0)
2025-12-15 09:27:15,704 [INFO] PluginManage:310 - Check plugin memorymap
2025-12-15 09:27:15,720 [INFO] PluginManage:359 - Loaded plugin memorymap (category:base,tabindex:4)
2025-12-15 09:27:15,720 [INFO] PluginManage:310 - Check plugin pinoutandconfiguration
2025-12-15 09:27:15,720 [INFO] PluginManage:359 - Loaded plugin pinoutandconfiguration (category:base,tabindex:1)
2025-12-15 09:27:15,720 [INFO] PluginManage:310 - Check plugin pinoutconfig
2025-12-15 09:27:15,799 [WARN] SupportedApi:132 - Cannot load RTOS API schema: s4s-elt-must-match.1: The content of 'definitions' must match (annotation?, (simpleType | complexType)?, (unique | key | keyref)*)). A problem was found starting at: attribute.
2025-12-15 09:27:15,895 [INFO] PluginManage:359 - Loaded plugin pinoutconfig (category:base,tabindex:0)
2025-12-15 09:27:15,895 [INFO] PluginManage:310 - Check plugin power
2025-12-15 09:27:15,895 [INFO] PluginManage:359 - Loaded plugin power (category:power,tabindex:4)
2025-12-15 09:27:15,895 [INFO] PluginManage:310 - Check plugin projectmanager
2025-12-15 09:27:15,911 [INFO] PluginManage:359 - Loaded plugin projectmanager (category:projectmanager,tabindex:4)
2025-12-15 09:27:15,911 [INFO] PluginManage:310 - Check plugin rif
2025-12-15 09:27:15,927 [INFO] PluginManage:359 - Loaded plugin rif (category:base,tabindex:3)
2025-12-15 09:27:15,928 [INFO] PluginManage:310 - Check plugin thirdparty
2025-12-15 09:27:16,007 [INFO] PluginManage:359 - Loaded plugin thirdparty (category:base,tabindex:-1)
2025-12-15 09:27:16,007 [INFO] PluginManage:310 - Check plugin tools
2025-12-15 09:27:16,007 [WARN] IntegrityCheckThread:84 - waiting for thirdparty lock release [integrity check]
2025-12-15 09:27:16,007 [INFO] IntegrityCheckThread:86 - entering critical section [integrity check]
2025-12-15 09:27:16,007 [INFO] ThirdPartyUpdaterWithRetryManager:70 - Updater plugin not ready yet. [1/15]
2025-12-15 09:27:16,007 [INFO] PluginManage:359 - Loaded plugin tools (category:base,tabindex:7)
2025-12-15 09:27:16,007 [INFO] PluginManage:310 - Check plugin tutovideos
2025-12-15 09:27:16,136 [INFO] PluginManage:359 - Loaded plugin tutovideos (category:base,tabindex:-1)
2025-12-15 09:27:16,136 [INFO] PluginManage:310 - Check plugin updater
2025-12-15 09:27:16,152 [INFO] PluginManage:359 - Loaded plugin updater (category:base,tabindex:12)
2025-12-15 09:27:16,152 [INFO] PluginManage:310 - Check plugin userauth
2025-12-15 09:27:16,152 [INFO] UserAuth:118 - Init User Auth plugin
2025-12-15 09:27:16,152 [INFO] PluginManage:359 - Loaded plugin userauth (category:base,tabindex:14)
2025-12-15 09:27:16,152 [INFO] PluginManage:283 - PluginManage : Loaded plugins [18]
2025-12-15 09:27:16,322 [INFO] PinOutPanel:1589 - setPackage(No Configuration,No Configuration)
2025-12-15 09:27:16,385 [INFO] CADModel:165 - CPN selected for project level
2025-12-15 09:27:16,385 [INFO] CADModel:114 - Register for checkConnection events
2025-12-15 09:27:16,401 [INFO] IPUIPlugin:80 - create IPUIPlugin
2025-12-15 09:27:16,401 [INFO] PluginManager:220 - loadIPPluginJar : add adc
2025-12-15 09:27:16,417 [INFO] IPUIPlugin:80 - create IPUIPlugin
2025-12-15 09:27:16,417 [INFO] PluginManager:220 - loadIPPluginJar : add aes
2025-12-15 09:27:16,417 [INFO] IPUIPlugin:80 - create IPUIPlugin
2025-12-15 09:27:16,417 [INFO] PluginManager:220 - loadIPPluginJar : add can
2025-12-15 09:27:16,417 [INFO] IPUIPlugin:80 - create IPUIPlugin
2025-12-15 09:27:16,417 [INFO] PluginManager:220 - loadIPPluginJar : add comp
2025-12-15 09:27:16,417 [INFO] IPUIPlugin:80 - create IPUIPlugin
2025-12-15 09:27:16,417 [INFO] PluginManager:220 - loadIPPluginJar : add cryp
2025-12-15 09:27:16,417 [INFO] IPUIPlugin:80 - create IPUIPlugin
2025-12-15 09:27:16,417 [INFO] PluginManager:220 - loadIPPluginJar : add ddr_ctrl_phy
2025-12-15 09:27:16,417 [INFO] IPUIPlugin:80 - create IPUIPlugin
2025-12-15 09:27:16,417 [INFO] PluginManager:220 - loadIPPluginJar : add dfsdm
2025-12-15 09:27:16,436 [INFO] IPUIPlugin:80 - create IPUIPlugin
2025-12-15 09:27:16,440 [INFO] PluginManager:220 - loadIPPluginJar : add dma
2025-12-15 09:27:16,441 [INFO] IPUIPlugin:80 - create IPUIPlugin
2025-12-15 09:27:16,441 [INFO] PluginManager:220 - loadIPPluginJar : add dma3
2025-12-15 09:27:16,446 [INFO] IPUIPlugin:80 - create IPUIPlugin
2025-12-15 09:27:16,446 [INFO] PluginManager:220 - loadIPPluginJar : add extmemmanager
2025-12-15 09:27:16,447 [INFO] IPUIPlugin:80 - create IPUIPlugin
2025-12-15 09:27:16,448 [INFO] PluginManager:220 - loadIPPluginJar : add fatfs
2025-12-15 09:27:16,449 [INFO] IPUIPlugin:80 - create IPUIPlugin
2025-12-15 09:27:16,449 [INFO] PluginManager:220 - loadIPPluginJar : add fmc
2025-12-15 09:27:16,449 [INFO] IPUIPlugin:80 - create IPUIPlugin
2025-12-15 09:27:16,449 [INFO] PluginManager:220 - loadIPPluginJar : add freertos
2025-12-15 09:27:16,465 [INFO] IPUIPlugin:80 - create IPUIPlugin
2025-12-15 09:27:16,465 [INFO] PluginManager:220 - loadIPPluginJar : add genericplugin
2025-12-15 09:27:16,465 [INFO] IPUIPlugin:80 - create IPUIPlugin
2025-12-15 09:27:16,465 [INFO] PluginManager:220 - loadIPPluginJar : add gfxmmu
2025-12-15 09:27:16,465 [INFO] IPUIPlugin:80 - create IPUIPlugin
2025-12-15 09:27:16,465 [INFO] PluginManager:220 - loadIPPluginJar : add gic
2025-12-15 09:27:16,465 [INFO] IPUIPlugin:80 - create IPUIPlugin
2025-12-15 09:27:16,465 [INFO] PluginManager:220 - loadIPPluginJar : add gpio
2025-12-15 09:27:16,465 [INFO] IPUIPlugin:80 - create IPUIPlugin
2025-12-15 09:27:16,465 [INFO] PluginManager:220 - loadIPPluginJar : add gtzc
2025-12-15 09:27:16,465 [INFO] IPUIPlugin:80 - create IPUIPlugin
2025-12-15 09:27:16,465 [INFO] PluginManager:220 - loadIPPluginJar : add hash
2025-12-15 09:27:16,481 [INFO] IPUIPlugin:80 - create IPUIPlugin
2025-12-15 09:27:16,481 [INFO] PluginManager:220 - loadIPPluginJar : add i2c
2025-12-15 09:27:16,481 [INFO] IPUIPlugin:80 - create IPUIPlugin
2025-12-15 09:27:16,481 [INFO] PluginManager:220 - loadIPPluginJar : add i2s
2025-12-15 09:27:16,481 [INFO] IPUIPlugin:80 - create IPUIPlugin
2025-12-15 09:27:16,481 [INFO] PluginManager:220 - loadIPPluginJar : add i3c
2025-12-15 09:27:16,481 [INFO] IPUIPlugin:80 - create IPUIPlugin
2025-12-15 09:27:16,481 [INFO] PluginManager:220 - loadIPPluginJar : add ipddr
2025-12-15 09:27:16,497 [INFO] IPUIPlugin:80 - create IPUIPlugin
2025-12-15 09:27:16,497 [INFO] PluginManager:220 - loadIPPluginJar : add linkedlist
2025-12-15 09:27:16,497 [INFO] IPUIPlugin:80 - create IPUIPlugin
2025-12-15 09:27:16,497 [INFO] PluginManager:220 - loadIPPluginJar : add lorawan
2025-12-15 09:27:16,497 [INFO] IPUIPlugin:80 - create IPUIPlugin
2025-12-15 09:27:16,497 [INFO] PluginManager:220 - loadIPPluginJar : add ltdc
2025-12-15 09:27:16,497 [INFO] IPUIPlugin:80 - create IPUIPlugin
2025-12-15 09:27:16,497 [INFO] PluginManager:220 - loadIPPluginJar : add mdma
2025-12-15 09:27:16,497 [INFO] IPUIPlugin:80 - create IPUIPlugin
2025-12-15 09:27:16,497 [INFO] PluginManager:220 - loadIPPluginJar : add nvic
2025-12-15 09:27:16,515 [INFO] IPUIPlugin:80 - create IPUIPlugin
2025-12-15 09:27:16,515 [INFO] PluginManager:220 - loadIPPluginJar : add opamp
2025-12-15 09:27:16,516 [INFO] IPUIPlugin:80 - create IPUIPlugin
2025-12-15 09:27:16,516 [INFO] PluginManager:220 - loadIPPluginJar : add openamp
2025-12-15 09:27:16,516 [INFO] IPUIPlugin:80 - create IPUIPlugin
2025-12-15 09:27:16,516 [INFO] PluginManager:220 - loadIPPluginJar : add pdm2pcm
2025-12-15 09:27:16,516 [INFO] IPUIPlugin:80 - create IPUIPlugin
2025-12-15 09:27:16,516 [INFO] PluginManager:220 - loadIPPluginJar : add plateformsettings
2025-12-15 09:27:16,516 [INFO] IPUIPlugin:80 - create IPUIPlugin
2025-12-15 09:27:16,516 [INFO] PluginManager:220 - loadIPPluginJar : add quadspi
2025-12-15 09:27:16,532 [INFO] IPUIPlugin:80 - create IPUIPlugin
2025-12-15 09:27:16,532 [INFO] PluginManager:220 - loadIPPluginJar : add radio
2025-12-15 09:27:16,532 [INFO] IPUIPlugin:80 - create IPUIPlugin
2025-12-15 09:27:16,532 [INFO] PluginManager:220 - loadIPPluginJar : add resmgrutility
2025-12-15 09:27:16,532 [INFO] IPUIPlugin:80 - create IPUIPlugin
2025-12-15 09:27:16,532 [INFO] PluginManager:220 - loadIPPluginJar : add sai
2025-12-15 09:27:16,532 [INFO] IPUIPlugin:80 - create IPUIPlugin
2025-12-15 09:27:16,532 [INFO] PluginManager:220 - loadIPPluginJar : add spi
2025-12-15 09:27:16,540 [INFO] IPUIPlugin:80 - create IPUIPlugin
2025-12-15 09:27:16,540 [INFO] PluginManager:220 - loadIPPluginJar : add stm32_wpan
2025-12-15 09:27:16,540 [INFO] IPUIPlugin:80 - create IPUIPlugin
2025-12-15 09:27:16,540 [INFO] PluginManager:220 - loadIPPluginJar : add tim
2025-12-15 09:27:16,540 [INFO] IPUIPlugin:80 - create IPUIPlugin
2025-12-15 09:27:16,540 [INFO] PluginManager:220 - loadIPPluginJar : add touchsensing
2025-12-15 09:27:16,548 [INFO] IPUIPlugin:80 - create IPUIPlugin
2025-12-15 09:27:16,548 [INFO] PluginManager:220 - loadIPPluginJar : add tracer_emb
2025-12-15 09:27:16,548 [INFO] IPUIPlugin:80 - create IPUIPlugin
2025-12-15 09:27:16,548 [INFO] PluginManager:220 - loadIPPluginJar : add ts
2025-12-15 09:27:16,548 [INFO] IPUIPlugin:80 - create IPUIPlugin
2025-12-15 09:27:16,548 [INFO] PluginManager:220 - loadIPPluginJar : add tsc
2025-12-15 09:27:16,548 [INFO] IPUIPlugin:80 - create IPUIPlugin
2025-12-15 09:27:16,548 [INFO] PluginManager:220 - loadIPPluginJar : add ucpd
2025-12-15 09:27:16,548 [INFO] IPUIPlugin:80 - create IPUIPlugin
2025-12-15 09:27:16,548 [INFO] PluginManager:220 - loadIPPluginJar : add usart
2025-12-15 09:27:16,548 [INFO] IPUIPlugin:80 - create IPUIPlugin
2025-12-15 09:27:16,548 [INFO] PluginManager:220 - loadIPPluginJar : add usbx
2025-12-15 09:27:16,683 [FATAL] Updater:351 - Updater called before beeing initialized
2025-12-15 09:27:16,702 [INFO] RulesReader:64 - Compatibility file has been processed (317 Rules)
2025-12-15 09:27:16,710 [INFO] RulesReader:64 - Compatibility file has been processed (317 Rules)
2025-12-15 09:27:16,722 [INFO] CADModel:165 - CPN selected for project level
2025-12-15 09:27:16,722 [INFO] CADModel:114 - Register for checkConnection events
2025-12-15 09:27:16,722 [FATAL] Updater:351 - Updater called before beeing initialized
2025-12-15 09:27:16,722 [ERROR] CADModel:125 - Updater not yet initialized, retry later 
2025-12-15 09:27:16,865 [FATAL] Updater:351 - Updater called before beeing initialized
2025-12-15 09:27:16,866 [INFO] CADModel:165 - CPN selected for project level
2025-12-15 09:27:16,866 [INFO] CADModel:114 - Register for checkConnection events
2025-12-15 09:27:16,867 [FATAL] Updater:351 - Updater called before beeing initialized
2025-12-15 09:27:16,867 [ERROR] CADModel:125 - Updater not yet initialized, retry later 
2025-12-15 09:27:16,869 [FATAL] Updater:351 - Updater called before beeing initialized
2025-12-15 09:27:16,964 [FATAL] Updater:351 - Updater called before beeing initialized
2025-12-15 09:27:16,980 [INFO] DbMcusAds:53 - JSON generation date=Fri Dec 05 16:13:14 ICT 2025 (1764925994673)
2025-12-15 09:27:16,980 [FATAL] Updater:351 - Updater called before beeing initialized
2025-12-15 09:27:17,011 [WARN] DetailPanel:346 - Failed to get advertising image, set to default
2025-12-15 09:27:17,075 [FATAL] Updater:351 - Updater called before beeing initialized
2025-12-15 09:27:17,075 [FATAL] Updater:351 - Updater called before beeing initialized
2025-12-15 09:27:17,075 [FATAL] Updater:351 - Updater called before beeing initialized
2025-12-15 09:27:17,075 [WARN] DetailPanel:346 - Failed to get advertising image, set to default
2025-12-15 09:27:17,075 [FATAL] Updater:351 - Updater called before beeing initialized
2025-12-15 09:27:17,107 [ERROR] Updater:1198 - MainUpdater not yet initialized. External WinMGr cannot be set.
2025-12-15 09:27:17,107 [INFO] Updater:1134 - Updater Version found : 6.15.0
2025-12-15 09:27:17,123 [INFO] ApplicationProperties:184 - Using Application install path: C:\ST\STM32CubeIDE_1.19.0\STM32CubeIDE\plugins\com.st.stm32cube.common.mx_6.15.0.202507011659
2025-12-15 09:27:18,726 [ERROR] LogOutputStream:75 - [STDERR_REDIRECT] Dec 15, 2025 9:27:18 AM java.util.prefs.WindowsPreferences <init>
2025-12-15 09:27:18,727 [ERROR] LogOutputStream:75 - [STDERR_REDIRECT] WARNING: Could not open/create prefs root node Software\JavaSoft\Prefs at root 0xffffffff80000002. Windows RegCreateKeyEx(...) returned error code 5.
2025-12-15 09:27:18,727 [ERROR] LogOutputStream:75 - [STDERR_REDIRECT] 
2025-12-15 09:27:19,007 [INFO] MainUpdater:2872 - connection check result : 10
2025-12-15 09:27:19,008 [INFO] MainUpdater:289 - Updater Check For Update Now.
2025-12-15 09:27:19,008 [INFO] MicroXplorer:498 - Change Database Version : DB.6.0.150
2025-12-15 09:27:19,017 [INFO] McuFinderGlobals:63 - Set McuFinder mode to 2 (CubeIDE integrated)
2025-12-15 09:27:19,017 [INFO] UserAuth:487 - Internet connection configuration mode: 1
2025-12-15 09:27:19,022 [WARN] MainUpdater:1193 - Updater busy. Cannot search thirdparties
2025-12-15 09:27:19,022 [INFO] ThirdPartyUpdaterWithRetryManager:96 - Updater plugin is busy. [1/15]
2025-12-15 09:27:19,064 [INFO] JxBrowserEngine:152 - Initiate JxBrowser Engine with user profile folder
2025-12-15 09:27:19,184 [INFO] CheckServerUpdateThread:120 - End of CheckServer Thread
2025-12-15 09:27:19,510 [INFO] WebApp:169 - Instantiating new browser for Auth
2025-12-15 09:27:19,966 [INFO] WebApp:463 - Apply proxy settings
2025-12-15 09:27:19,966 [INFO] WebApp:548 - Chromium requires no authentication
2025-12-15 09:27:19,972 [INFO] WebApp:491 - Direct internet connection detected
2025-12-15 09:27:19,986 [INFO] WebApp:900 - Register for checkConnection events
2025-12-15 09:27:19,986 [INFO] WebApp:463 - Apply proxy settings
2025-12-15 09:27:19,986 [INFO] WebApp:548 - Chromium requires no authentication
2025-12-15 09:27:19,986 [INFO] WebApp:491 - Direct internet connection detected
2025-12-15 09:27:20,086 [INFO] WebApp:225 - Starting web application
2025-12-15 09:27:20,086 [INFO] WebApp:593 - Web application path used C:\ST\STM32CubeIDE_1.19.0\STM32CubeIDE\plugins\com.st.stm32cube.common.mx_6.15.0.202507011659\db\plugins\mcufinder\reactClient1\index.html
2025-12-15 09:27:20,141 [INFO] UserAuth:487 - Internet connection configuration mode: 1
2025-12-15 09:27:20,247 [INFO] WebApp:191 - Connection restablished
2025-12-15 09:27:22,201 [WARN] PackLoader:240 - Cannot read IP mode file for STMicroelectronics.FP-SNS-MOTENVWB1.1.4.0
2025-12-15 09:27:22,214 [WARN] PackLoader:240 - Cannot read IP mode file for STMicroelectronics.FP-ATR-ASTRA1.2.0.2
2025-12-15 09:27:22,225 [WARN] PackLoader:240 - Cannot read IP mode file for STMicroelectronics.X-CUBE-SMBUS.2.1.0
2025-12-15 09:27:22,229 [WARN] PackLoader:240 - Cannot read IP mode file for STMicroelectronics.X-CUBE-ST60.1.0.0
2025-12-15 09:27:22,256 [WARN] PackLoader:240 - Cannot read IP mode file for STMicroelectronics.X-CUBE-AZRTOS-F7.1.1.0
2025-12-15 09:27:22,262 [WARN] PackLoader:240 - Cannot read IP mode file for Cesanta.I-CUBE-Mongoose.7.19.0
2025-12-15 09:27:22,266 [WARN] PackLoader:240 - Cannot read IP mode file for STMicroelectronics.FP-SNS-MOTENV1.5.1.0
2025-12-15 09:27:22,286 [WARN] PackLoader:240 - Cannot read IP mode file for WES.I-CUBE-Cesium.1.4.0
2025-12-15 09:27:22,305 [WARN] PackLoader:240 - Cannot read IP mode file for Infineon.AIROC-Wi-Fi-Bluetooth-STM32.1.7.1
2025-12-15 09:27:22,328 [WARN] PackLoader:240 - Cannot read IP mode file for STMicroelectronics.X-CUBE-AZRTOS-H7.3.4.0
2025-12-15 09:27:22,336 [WARN] PackLoader:240 - Cannot read IP mode file for STMicroelectronics.X-CUBE-DISPLAY.3.0.0
2025-12-15 09:27:22,349 [WARN] PackLoader:240 - Cannot read IP mode file for STMicroelectronics.X-CUBE-NFC10.1.0.0
2025-12-15 09:27:22,354 [WARN] PackLoader:240 - Cannot read IP mode file for STMicroelectronics.X-CUBE-ST60.1.1.0
2025-12-15 09:27:22,359 [WARN] PackLoader:240 - Cannot read IP mode file for emotas.I-CUBE-CANOPEN.1.3.0
2025-12-15 09:27:22,363 [WARN] PackLoader:240 - Cannot read IP mode file for STMicroelectronics.X-CUBE-GNSS1.7.1.0
2025-12-15 09:27:22,368 [WARN] PackLoader:240 - Cannot read IP mode file for STMicroelectronics.FP-SNS-STBOX1.2.1.0
2025-12-15 09:27:22,372 [WARN] PackLoader:240 - Cannot read IP mode file for STMicroelectronics.FP-SNS-SMARTAG2.1.2.0
2025-12-15 09:27:22,375 [WARN] PackLoader:240 - Cannot read IP mode file for STMicroelectronics.FP-SNS-FLIGHT1.5.1.0
2025-12-15 09:27:22,381 [INFO] LogOutputStream:77 - [STDOUT_REDIRECT] 1 : Invalid condition id : UX_CORESTACK_Condition cause : null
2025-12-15 09:27:22,382 [INFO] LogOutputStream:77 - [STDOUT_REDIRECT] 1 : Invalid condition id : UX_CORESTACK_Condition cause : null
2025-12-15 09:27:22,383 [INFO] LogOutputStream:77 - [STDOUT_REDIRECT] 1 : Invalid condition id : UX_CORESTACK_Condition cause : null
2025-12-15 09:27:22,384 [INFO] LogOutputStream:77 - [STDOUT_REDIRECT] 1 : Invalid condition id : UX_CORESTACK_Condition cause : null
2025-12-15 09:27:22,385 [INFO] LogOutputStream:77 - [STDOUT_REDIRECT] 1 : Invalid condition id : UX_CORESTACK_Condition cause : null
2025-12-15 09:27:22,386 [WARN] PackLoader:240 - Cannot read IP mode file for STMicroelectronics.X-CUBE-AZRTOS-WL.2.0.0
2025-12-15 09:27:22,389 [WARN] PackLoader:240 - Cannot read IP mode file for STMicroelectronics.FP-SNS-MOTENV1.5.0.0
2025-12-15 09:27:22,399 [WARN] PackLoader:240 - Cannot read IP mode file for STMicroelectronics.X-CUBE-AZRTOS-H7RS.1.2.0
2025-12-15 09:27:22,404 [WARN] PackLoader:240 - Cannot read IP mode file for STMicroelectronics.X-CUBE-BLE2.3.3.0
2025-12-15 09:27:22,423 [WARN] PackLoader:240 - Cannot read IP mode file for STMicroelectronics.X-CUBE-NFC9.1.0.0
2025-12-15 09:27:22,427 [WARN] PackLoader:240 - Cannot read IP mode file for wolfSSL.I-CUBE-wolfSSL.5.8.2
2025-12-15 09:27:22,430 [WARN] PackLoader:240 - Cannot read IP mode file for STMicroelectronics.X-CUBE-BLE1.7.1.0
2025-12-15 09:27:22,433 [WARN] PackLoader:240 - Cannot read IP mode file for wolfSSL.I-CUBE-wolfMQTT.1.19.2
2025-12-15 09:27:22,438 [WARN] PackLoader:240 - Cannot read IP mode file for STMicroelectronics.X-CUBE-FREERTOS.1.4.0
2025-12-15 09:27:22,442 [WARN] PackLoader:240 - Cannot read IP mode file for STMicroelectronics.X-CUBE-EEPRMA1.5.2.0
2025-12-15 09:27:22,447 [WARN] PackLoader:240 - Cannot read IP mode file for STMicroelectronics.X-CUBE-ST67W61.1.1.0
2025-12-15 09:27:22,469 [WARN] PackLoader:240 - Cannot read IP mode file for STMicroelectronics.X-CUBE-MEMS1.12.0.0
2025-12-15 09:27:22,552 [WARN] PackLoader:240 - Cannot read IP mode file for STMicroelectronics.X-CUBE-AZRTOS-G0.1.1.0
2025-12-15 09:27:22,557 [WARN] PackLoader:240 - Cannot read IP mode file for STMicroelectronics.X-CUBE-SAFEA1.1.2.2
2025-12-15 09:27:22,562 [WARN] PackLoader:240 - Cannot read IP mode file for STMicroelectronics.X-CUBE-NFC4.3.0.0
2025-12-15 09:27:22,569 [WARN] PackLoader:240 - Cannot read IP mode file for EmbeddedOffice.I-CUBE-FS-RTOS.1.0.1
2025-12-15 09:27:22,573 [WARN] PackLoader:240 - Cannot read IP mode file for STMicroelectronics.X-CUBE-WB05N.2.0.0
2025-12-15 09:27:22,576 [WARN] PackLoader:240 - Cannot read IP mode file for wolfSSL.I-CUBE-wolfTPM.3.8.0
2025-12-15 09:27:22,580 [WARN] PackLoader:240 - Cannot read IP mode file for STMicroelectronics.X-CUBE-TCPP.4.2.0
2025-12-15 09:27:22,585 [WARN] PackLoader:240 - Cannot read IP mode file for RealThread.X-CUBE-RT-Thread_Nano.4.1.1
2025-12-15 09:27:22,588 [WARN] PackLoader:240 - Cannot read IP mode file for STMicroelectronics.FP-ATR-SIGFOX1.3.2.0
2025-12-15 09:27:22,592 [WARN] PackLoader:240 - Cannot read IP mode file for ITTIA_DB.I-CUBE-ITTIADB.8.9.0
2025-12-15 09:27:22,598 [WARN] PackLoader:240 - Cannot read IP mode file for STMicroelectronics.X-CUBE-ST67W61.1.0.0
2025-12-15 09:27:22,602 [WARN] PackLoader:240 - Cannot read IP mode file for STMicroelectronics.X-CUBE-AI.10.2.0
2025-12-15 09:27:22,615 [WARN] PackLoader:240 - Cannot read IP mode file for SEGGER.I-CUBE-embOS.1.3.1
2025-12-15 09:27:22,633 [WARN] PackLoader:240 - Cannot read IP mode file for STMicroelectronics.X-CUBE-ALGOBUILD.1.4.0
2025-12-15 09:27:22,654 [WARN] PackLoader:240 - Cannot read IP mode file for STMicroelectronics.X-CUBE-MEMS1.11.3.0
2025-12-15 09:27:22,716 [WARN] PackLoader:240 - Cannot read IP mode file for STMicroelectronics.X-CUBE-PM33A1.1.0.0
2025-12-15 09:27:22,724 [WARN] PackLoader:240 - Cannot read IP mode file for STMicroelectronics.X-CUBE-AZRTOS-F4.1.1.0
2025-12-15 09:27:22,728 [WARN] PackLoader:240 - Cannot read IP mode file for Avnet-IotConnect.X-CUBE-IoTC-DA16k-PMOD.1.0.0
2025-12-15 09:27:22,731 [WARN] PackLoader:240 - Cannot read IP mode file for STMicroelectronics.X-CUBE-ISPU.2.1.0
2025-12-15 09:27:22,738 [WARN] PackLoader:240 - Cannot read IP mode file for STMicroelectronics.X-CUBE-IPS.3.2.0
2025-12-15 09:27:22,746 [WARN] PackLoader:240 - Cannot read IP mode file for STMicroelectronics.X-CUBE-NFC12.1.0.0
2025-12-15 09:27:22,759 [WARN] PackLoader:240 - Cannot read IP mode file for STMicroelectronics.X-CUBE-AZRTOS-L5.2.0.0
2025-12-15 09:27:22,765 [WARN] PackLoader:240 - Cannot read IP mode file for STMicroelectronics.X-CUBE-NFC6.3.1.0
2025-12-15 09:27:22,770 [WARN] PackLoader:240 - Cannot read IP mode file for STMicroelectronics.X-CUBE-FREERTOS.1.3.1
2025-12-15 09:27:22,775 [WARN] PackLoader:240 - Cannot read IP mode file for STMicroelectronics.X-CUBE-TOUCHGFX.4.26.0
2025-12-15 09:27:22,779 [WARN] PackLoader:240 - Cannot read IP mode file for STMicroelectronics.FP-SNS-STAIOTCFT.1.0.0
2025-12-15 09:27:22,783 [WARN] PackLoader:240 - Cannot read IP mode file for STMicroelectronics.X-CUBE-DPower.1.3.0
2025-12-15 09:27:22,792 [WARN] ConditionMgr:438 - getConditionDescription Invalid condition id : LAN8742 Phy interface Condition cause : null
2025-12-15 09:27:22,792 [WARN] PackLoader:240 - Cannot read IP mode file for STMicroelectronics.X-CUBE-AZRTOS-L4.2.0.0
2025-12-15 09:27:22,793 [WARN] ConditionMgr:1044 - genDependencies : Invalid condition id : LAN8742 Phy interface Condition cause : null
2025-12-15 09:27:22,793 [WARN] ConditionMgr:1044 - genDependencies : Invalid condition id : LAN8742 Phy interface Condition cause : null
2025-12-15 09:27:22,793 [WARN] ConditionMgr:1044 - genDependencies : Invalid condition id : LAN8742 Phy interface Condition cause : null
2025-12-15 09:27:22,798 [WARN] PackLoader:240 - Cannot read IP mode file for STMicroelectronics.X-CUBE-SFXS2LP1.4.0.0
2025-12-15 09:27:22,803 [WARN] PackLoader:240 - Cannot read IP mode file for STMicroelectronics.X-CUBE-BLEMGR.4.1.0
2025-12-15 09:27:22,811 [WARN] ConditionMgr:438 - getConditionDescription Invalid condition id : UX DEVICE CLASS RTOS Condition cause : null
2025-12-15 09:27:22,811 [WARN] ConditionMgr:438 - getConditionDescription Invalid condition id : UX DEVICE CLASS RTOS Condition cause : null
2025-12-15 09:27:22,812 [WARN] PackLoader:240 - Cannot read IP mode file for STMicroelectronics.X-CUBE-AZRTOS-WB.2.0.0
2025-12-15 09:27:22,812 [WARN] ConditionMgr:1044 - genDependencies : Invalid condition id : UX DEVICE CLASS RTOS Condition cause : null
2025-12-15 09:27:22,812 [WARN] ConditionMgr:1044 - genDependencies : Invalid condition id : UX DEVICE CLASS RTOS Condition cause : null
2025-12-15 09:27:22,812 [WARN] ConditionMgr:1044 - genDependencies : Invalid condition id : UX DEVICE CLASS RTOS Condition cause : null
2025-12-15 09:27:22,813 [WARN] ConditionMgr:1044 - genDependencies : Invalid condition id : UX DEVICE CLASS RTOS Condition cause : null
2025-12-15 09:27:22,813 [WARN] ConditionMgr:1044 - genDependencies : Invalid condition id : UX DEVICE CLASS RTOS Condition cause : null
2025-12-15 09:27:22,815 [WARN] PackLoader:240 - Cannot read IP mode file for STMicroelectronics.X-CUBE-GNSS1.7.0.1
2025-12-15 09:27:22,818 [WARN] PackLoader:240 - Cannot read IP mode file for STMicroelectronics.X-CUBE-TOUCHGFX.4.25.0
2025-12-15 09:27:22,820 [WARN] ConditionMgr:438 - getConditionDescription Invalid condition id : Cortex-A Device cause : null
2025-12-15 09:27:22,825 [WARN] ConditionMgr:1044 - genDependencies : Invalid condition id : Cortex-A Device cause : null
2025-12-15 09:27:22,826 [WARN] ConditionMgr:1044 - genDependencies : Invalid condition id : Cortex-A Device cause : null
2025-12-15 09:27:22,826 [WARN] ConditionMgr:1044 - genDependencies : Invalid condition id : Cortex-A Device cause : null
2025-12-15 09:27:22,830 [WARN] PackLoader:240 - Cannot read IP mode file for STMicroelectronics.X-CUBE-SUBG2.5.0.0
2025-12-15 09:27:22,838 [WARN] PackLoader:240 - Cannot read IP mode file for STMicroelectronics.X-CUBE-AZRTOS-H7RS.1.1.0
2025-12-15 09:27:22,846 [WARN] PackLoader:240 - Cannot read IP mode file for STMicroelectronics.X-CUBE-AZRTOS-G4.2.0.0
2025-12-15 09:27:22,849 [WARN] PackLoader:240 - Cannot read IP mode file for wolfSSL.I-CUBE-wolfSSH.1.4.20
2025-12-15 09:27:22,853 [WARN] PackLoader:240 - Cannot read IP mode file for STMicroelectronics.X-CUBE-NFC7.2.0.0
2025-12-15 09:27:22,858 [WARN] PackLoader:240 - Cannot read IP mode file for STMicroelectronics.X-CUBE-IPS.3.1.0
2025-12-15 09:27:22,864 [WARN] PackLoader:240 - Cannot read IP mode file for STMicroelectronics.X-CUBE-ALS.1.0.2
2025-12-15 09:27:22,868 [WARN] PackLoader:240 - Cannot read IP mode file for STMicroelectronics.X-CUBE-STSE01.1.0.0
2025-12-15 09:27:22,874 [WARN] PackLoader:240 - Cannot read IP mode file for STMicroelectronics.X-CUBE-TOF1.3.4.3
2025-12-15 09:27:22,879 [INFO] ThirdParty:978 - Integrity check success = true
2025-12-15 09:27:22,879 [INFO] IntegrityCheckThread:100 - exiting critical section [integrity check]
2025-12-15 09:27:22,879 [INFO] IntegrityCheckThread:103 - End integrity checks thread
2025-12-15 09:27:36,667 [ERROR] LogOutputStream:75 - [STDERR_REDIRECT] 
